[1.004s] DEBUG:colcon:Command line arguments: ['/usr/bin/colcon', 'build']
[1.004s] DEBUG:colcon:Parsed command line arguments: Namespace(log_base=None, log_level=None, verb_name='build', build_base='build', install_base='install', merge_install=False, symlink_install=False, test_result_base=None, continue_on_error=False, executor='parallel', parallel_workers=1, event_handlers=None, ignore_user_meta=False, metas=['./colcon.meta'], base_paths=['.'], packages_ignore=None, packages_ignore_regex=None, paths=None, packages_up_to=None, packages_up_to_regex=None, packages_above=None, packages_above_and_dependencies=None, packages_above_depth=None, packages_select_by_dep=None, packages_skip_by_dep=None, packages_skip_up_to=None, packages_select_build_failed=False, packages_skip_build_finished=False, packages_select_test_failures=False, packages_skip_test_passed=False, packages_select=None, packages_skip=None, packages_select_regex=None, packages_skip_regex=None, packages_start=None, packages_end=None, allow_overriding=[], cmake_args=None, cmake_target=None, cmake_target_skip_unavailable=False, cmake_clean_cache=False, cmake_clean_first=False, cmake_force_configure=False, ament_cmake_args=None, catkin_cmake_args=None, catkin_skip_building_tests=False, verb_parser=<colcon_defaults.argument_parser.defaults.DefaultArgumentsDecorator object at 0x7459c48773b0>, verb_extension=<colcon_core.verb.build.BuildVerb object at 0x7459c49ab800>, main=<bound method BuildVerb.main of <colcon_core.verb.build.BuildVerb object at 0x7459c49ab800>>)
[1.213s] Level 1:colcon.colcon_core.package_discovery:discover_packages(colcon_meta) check parameters
[1.213s] Level 1:colcon.colcon_core.package_discovery:discover_packages(recursive) check parameters
[1.213s] Level 1:colcon.colcon_core.package_discovery:discover_packages(ignore) check parameters
[1.213s] Level 1:colcon.colcon_core.package_discovery:discover_packages(path) check parameters
[1.213s] Level 1:colcon.colcon_core.package_discovery:discover_packages(colcon_meta) discover
[1.213s] Level 1:colcon.colcon_core.package_discovery:discover_packages(recursive) discover
[1.213s] INFO:colcon.colcon_core.package_discovery:Crawling recursively for packages in '/home/hadjer/drone_ws'
[1.214s] Level 1:colcon.colcon_core.package_identification:_identify(.) by extensions ['ignore', 'ignore_ament_install']
[1.214s] Level 1:colcon.colcon_core.package_identification:_identify(.) by extension 'ignore'
[1.214s] Level 1:colcon.colcon_core.package_identification:_identify(.) by extension 'ignore_ament_install'
[1.214s] Level 1:colcon.colcon_core.package_identification:_identify(.) by extensions ['colcon_pkg']
[1.214s] Level 1:colcon.colcon_core.package_identification:_identify(.) by extension 'colcon_pkg'
[1.214s] Level 1:colcon.colcon_core.package_identification:_identify(.) by extensions ['colcon_meta']
[1.214s] Level 1:colcon.colcon_core.package_identification:_identify(.) by extension 'colcon_meta'
[1.214s] Level 1:colcon.colcon_core.package_identification:_identify(.) by extensions ['ros']
[1.214s] Level 1:colcon.colcon_core.package_identification:_identify(.) by extension 'ros'
[1.295s] Level 1:colcon.colcon_core.package_identification:_identify(.) by extensions ['cmake', 'python']
[1.295s] Level 1:colcon.colcon_core.package_identification:_identify(.) by extension 'cmake'
[1.295s] Level 1:colcon.colcon_core.package_identification:_identify(.) by extension 'python'
[1.295s] Level 1:colcon.colcon_core.package_identification:_identify(.) by extensions ['python_setup_py']
[1.295s] Level 1:colcon.colcon_core.package_identification:_identify(.) by extension 'python_setup_py'
[1.296s] Level 1:colcon.colcon_core.package_identification:_identify(build) by extensions ['ignore', 'ignore_ament_install']
[1.296s] Level 1:colcon.colcon_core.package_identification:_identify(build) by extension 'ignore'
[1.296s] Level 1:colcon.colcon_core.package_identification:_identify(build) ignored
[1.297s] Level 1:colcon.colcon_core.package_identification:_identify(install) by extensions ['ignore', 'ignore_ament_install']
[1.297s] Level 1:colcon.colcon_core.package_identification:_identify(install) by extension 'ignore'
[1.297s] Level 1:colcon.colcon_core.package_identification:_identify(install) ignored
[1.297s] Level 1:colcon.colcon_core.package_identification:_identify(log) by extensions ['ignore', 'ignore_ament_install']
[1.298s] Level 1:colcon.colcon_core.package_identification:_identify(log) by extension 'ignore'
[1.298s] Level 1:colcon.colcon_core.package_identification:_identify(log) ignored
[1.299s] Level 1:colcon.colcon_core.package_identification:_identify(src) by extensions ['ignore', 'ignore_ament_install']
[1.299s] Level 1:colcon.colcon_core.package_identification:_identify(src) by extension 'ignore'
[1.299s] Level 1:colcon.colcon_core.package_identification:_identify(src) by extension 'ignore_ament_install'
[1.300s] Level 1:colcon.colcon_core.package_identification:_identify(src) by extensions ['colcon_pkg']
[1.300s] Level 1:colcon.colcon_core.package_identification:_identify(src) by extension 'colcon_pkg'
[1.300s] Level 1:colcon.colcon_core.package_identification:_identify(src) by extensions ['colcon_meta']
[1.300s] Level 1:colcon.colcon_core.package_identification:_identify(src) by extension 'colcon_meta'
[1.300s] Level 1:colcon.colcon_core.package_identification:_identify(src) by extensions ['ros']
[1.300s] Level 1:colcon.colcon_core.package_identification:_identify(src) by extension 'ros'
[1.300s] Level 1:colcon.colcon_core.package_identification:_identify(src) by extensions ['cmake', 'python']
[1.301s] Level 1:colcon.colcon_core.package_identification:_identify(src) by extension 'cmake'
[1.301s] Level 1:colcon.colcon_core.package_identification:_identify(src) by extension 'python'
[1.301s] Level 1:colcon.colcon_core.package_identification:_identify(src) by extensions ['python_setup_py']
[1.301s] Level 1:colcon.colcon_core.package_identification:_identify(src) by extension 'python_setup_py'
[1.302s] Level 1:colcon.colcon_core.package_identification:_identify(src/drone_follower) by extensions ['ignore', 'ignore_ament_install']
[1.302s] Level 1:colcon.colcon_core.package_identification:_identify(src/drone_follower) by extension 'ignore'
[1.302s] Level 1:colcon.colcon_core.package_identification:_identify(src/drone_follower) by extension 'ignore_ament_install'
[1.303s] Level 1:colcon.colcon_core.package_identification:_identify(src/drone_follower) by extensions ['colcon_pkg']
[1.303s] Level 1:colcon.colcon_core.package_identification:_identify(src/drone_follower) by extension 'colcon_pkg'
[1.303s] Level 1:colcon.colcon_core.package_identification:_identify(src/drone_follower) by extensions ['colcon_meta']
[1.303s] Level 1:colcon.colcon_core.package_identification:_identify(src/drone_follower) by extension 'colcon_meta'
[1.303s] Level 1:colcon.colcon_core.package_identification:_identify(src/drone_follower) by extensions ['ros']
[1.303s] Level 1:colcon.colcon_core.package_identification:_identify(src/drone_follower) by extension 'ros'
[1.313s] DEBUG:colcon.colcon_core.package_identification:Package 'src/drone_follower' with type 'ros.ament_python' and name 'drone_follower'
[1.313s] Level 1:colcon.colcon_core.package_discovery:discover_packages(recursive) using defaults
[1.313s] Level 1:colcon.colcon_core.package_discovery:discover_packages(ignore) discover
[1.313s] Level 1:colcon.colcon_core.package_discovery:discover_packages(ignore) using defaults
[1.313s] Level 1:colcon.colcon_core.package_discovery:discover_packages(path) discover
[1.314s] Level 1:colcon.colcon_core.package_discovery:discover_packages(path) using defaults
[1.392s] Level 1:colcon.colcon_core.package_discovery:discover_packages(prefix_path) check parameters
[1.392s] Level 1:colcon.colcon_core.package_discovery:discover_packages(prefix_path) discover
[1.406s] DEBUG:colcon.colcon_installed_package_information.package_discovery:Found 2 installed packages in /home/hadjer/ros2_ws/install
[1.412s] DEBUG:colcon.colcon_installed_package_information.package_discovery:Found 526 installed packages in /opt/ros/jazzy
[1.417s] Level 1:colcon.colcon_core.package_discovery:discover_packages(prefix_path) using defaults
[1.562s] Level 5:colcon.colcon_core.verb:set package 'drone_follower' build argument 'cmake_args' from command line to 'None'
[1.562s] Level 5:colcon.colcon_core.verb:set package 'drone_follower' build argument 'cmake_target' from command line to 'None'
[1.562s] Level 5:colcon.colcon_core.verb:set package 'drone_follower' build argument 'cmake_target_skip_unavailable' from command line to 'False'
[1.562s] Level 5:colcon.colcon_core.verb:set package 'drone_follower' build argument 'cmake_clean_cache' from command line to 'False'
[1.562s] Level 5:colcon.colcon_core.verb:set package 'drone_follower' build argument 'cmake_clean_first' from command line to 'False'
[1.562s] Level 5:colcon.colcon_core.verb:set package 'drone_follower' build argument 'cmake_force_configure' from command line to 'False'
[1.562s] Level 5:colcon.colcon_core.verb:set package 'drone_follower' build argument 'ament_cmake_args' from command line to 'None'
[1.562s] Level 5:colcon.colcon_core.verb:set package 'drone_follower' build argument 'catkin_cmake_args' from command line to 'None'
[1.562s] Level 5:colcon.colcon_core.verb:set package 'drone_follower' build argument 'catkin_skip_building_tests' from command line to 'False'
[1.562s] DEBUG:colcon.colcon_core.verb:Building package 'drone_follower' with the following arguments: {'ament_cmake_args': None, 'build_base': '/home/hadjer/drone_ws/build/drone_follower', 'catkin_cmake_args': None, 'catkin_skip_building_tests': False, 'cmake_args': None, 'cmake_clean_cache': False, 'cmake_clean_first': False, 'cmake_force_configure': False, 'cmake_target': None, 'cmake_target_skip_unavailable': False, 'install_base': '/home/hadjer/drone_ws/install/drone_follower', 'merge_install': False, 'path': '/home/hadjer/drone_ws/src/drone_follower', 'symlink_install': False, 'test_result_base': None}
[1.563s] INFO:colcon.colcon_core.executor:Executing jobs using 'parallel' executor
[1.563s] DEBUG:colcon.colcon_parallel_executor.executor.parallel:run_until_complete
[1.564s] INFO:colcon.colcon_ros.task.ament_python.build:Building ROS package in '/home/hadjer/drone_ws/src/drone_follower' with build type 'ament_python'
[1.564s] Level 1:colcon.colcon_core.shell:create_environment_hook('drone_follower', 'ament_prefix_path')
[1.592s] INFO:colcon.colcon_core.plugin_system:Skipping extension 'colcon_core.shell.bat': Not used on non-Windows systems
[1.592s] INFO:colcon.colcon_core.shell:Creating environment hook '/home/hadjer/drone_ws/install/drone_follower/share/drone_follower/hook/ament_prefix_path.ps1'
[1.597s] INFO:colcon.colcon_core.shell:Creating environment descriptor '/home/hadjer/drone_ws/install/drone_follower/share/drone_follower/hook/ament_prefix_path.dsv'
[1.601s] INFO:colcon.colcon_core.shell:Creating environment hook '/home/hadjer/drone_ws/install/drone_follower/share/drone_follower/hook/ament_prefix_path.sh'
[1.604s] INFO:colcon.colcon_core.shell:Skip shell extension 'powershell' for command environment: Not usable outside of PowerShell
[1.605s] DEBUG:colcon.colcon_core.shell:Skip shell extension 'dsv' for command environment
[2.649s] INFO:colcon.colcon_core.task.python.build:Building Python package in '/home/hadjer/drone_ws/src/drone_follower'
[2.650s] INFO:colcon.colcon_core.shell:Skip shell extension 'powershell' for command environment: Not usable outside of PowerShell
[2.650s] DEBUG:colcon.colcon_core.shell:Skip shell extension 'dsv' for command environment
[5.300s] DEBUG:colcon.colcon_core.event_handler.log_command:Invoking command in '/home/hadjer/drone_ws/build/drone_follower': DEBUGINFOD_URLS=https://debuginfod.ubuntu.com PYTHONPATH=/home/hadjer/drone_ws/build/drone_follower/prefix_override:/usr/lib/python3/dist-packages/colcon_core/task/python/colcon_distutils_commands:/home/hadjer/drone_ws/install/drone_follower/lib/python3.12/site-packages:${PYTHONPATH} /usr/bin/python3 -W ignore:setup.py install is deprecated -W ignore:easy_install command is deprecated setup.py develop --uninstall --editable --build-directory /home/hadjer/drone_ws/build/drone_follower/build
[6.965s] DEBUG:colcon.colcon_core.event_handler.log_command:Invoked command in '/home/hadjer/drone_ws/build/drone_follower' returned '0': DEBUGINFOD_URLS=https://debuginfod.ubuntu.com PYTHONPATH=/home/hadjer/drone_ws/build/drone_follower/prefix_override:/usr/lib/python3/dist-packages/colcon_core/task/python/colcon_distutils_commands:/home/hadjer/drone_ws/install/drone_follower/lib/python3.12/site-packages:${PYTHONPATH} /usr/bin/python3 -W ignore:setup.py install is deprecated -W ignore:easy_install command is deprecated setup.py develop --uninstall --editable --build-directory /home/hadjer/drone_ws/build/drone_follower/build
[6.968s] DEBUG:colcon.colcon_core.event_handler.log_command:Invoking command in '/home/hadjer/drone_ws/src/drone_follower': DEBUGINFOD_URLS=https://debuginfod.ubuntu.com PYTHONPATH=/home/hadjer/drone_ws/build/drone_follower/prefix_override:/usr/lib/python3/dist-packages/colcon_core/task/python/colcon_distutils_commands:/home/hadjer/drone_ws/install/drone_follower/lib/python3.12/site-packages:${PYTHONPATH} /usr/bin/python3 -W ignore:setup.py install is deprecated -W ignore:easy_install command is deprecated setup.py egg_info --egg-base ../../build/drone_follower build --build-base /home/hadjer/drone_ws/build/drone_follower/build install --record /home/hadjer/drone_ws/build/drone_follower/install.log --single-version-externally-managed install_data --force
[8.603s] DEBUG:colcon.colcon_core.event_handler.log_command:Invoked command in '/home/hadjer/drone_ws/src/drone_follower' returned '0': DEBUGINFOD_URLS=https://debuginfod.ubuntu.com PYTHONPATH=/home/hadjer/drone_ws/build/drone_follower/prefix_override:/usr/lib/python3/dist-packages/colcon_core/task/python/colcon_distutils_commands:/home/hadjer/drone_ws/install/drone_follower/lib/python3.12/site-packages:${PYTHONPATH} /usr/bin/python3 -W ignore:setup.py install is deprecated -W ignore:easy_install command is deprecated setup.py egg_info --egg-base ../../build/drone_follower build --build-base /home/hadjer/drone_ws/build/drone_follower/build install --record /home/hadjer/drone_ws/build/drone_follower/install.log --single-version-externally-managed install_data --force
[8.690s] Level 1:colcon.colcon_core.environment:checking '/home/hadjer/drone_ws/install/drone_follower' for CMake module files
[8.699s] Level 1:colcon.colcon_core.environment:checking '/home/hadjer/drone_ws/install/drone_follower' for CMake config files
[8.709s] Level 1:colcon.colcon_core.environment:checking '/home/hadjer/drone_ws/install/drone_follower/lib'
[8.712s] Level 1:colcon.colcon_core.environment:checking '/home/hadjer/drone_ws/install/drone_follower/bin'
[8.713s] Level 1:colcon.colcon_core.environment:checking '/home/hadjer/drone_ws/install/drone_follower/lib/pkgconfig/drone_follower.pc'
[8.714s] Level 1:colcon.colcon_core.environment:checking '/home/hadjer/drone_ws/install/drone_follower/lib/python3.12/site-packages'
[8.715s] Level 1:colcon.colcon_core.shell:create_environment_hook('drone_follower', 'pythonpath')
[8.716s] INFO:colcon.colcon_core.shell:Creating environment hook '/home/hadjer/drone_ws/install/drone_follower/share/drone_follower/hook/pythonpath.ps1'
[8.718s] INFO:colcon.colcon_core.shell:Creating environment descriptor '/home/hadjer/drone_ws/install/drone_follower/share/drone_follower/hook/pythonpath.dsv'
[8.719s] INFO:colcon.colcon_core.shell:Creating environment hook '/home/hadjer/drone_ws/install/drone_follower/share/drone_follower/hook/pythonpath.sh'
[8.720s] Level 1:colcon.colcon_core.environment:checking '/home/hadjer/drone_ws/install/drone_follower/bin'
[8.720s] Level 1:colcon.colcon_core.environment:create_environment_scripts_only(drone_follower)
[8.721s] INFO:colcon.colcon_core.shell:Creating package script '/home/hadjer/drone_ws/install/drone_follower/share/drone_follower/package.ps1'
[8.725s] INFO:colcon.colcon_core.shell:Creating package descriptor '/home/hadjer/drone_ws/install/drone_follower/share/drone_follower/package.dsv'
[8.728s] INFO:colcon.colcon_core.shell:Creating package script '/home/hadjer/drone_ws/install/drone_follower/share/drone_follower/package.sh'
[8.750s] INFO:colcon.colcon_core.shell:Creating package script '/home/hadjer/drone_ws/install/drone_follower/share/drone_follower/package.bash'
[8.753s] INFO:colcon.colcon_core.shell:Creating package script '/home/hadjer/drone_ws/install/drone_follower/share/drone_follower/package.zsh'
[8.756s] Level 1:colcon.colcon_core.environment:create_file_with_runtime_dependencies(/home/hadjer/drone_ws/install/drone_follower/share/colcon-core/packages/drone_follower)
[8.761s] DEBUG:colcon.colcon_parallel_executor.executor.parallel:closing loop
[8.761s] DEBUG:colcon.colcon_parallel_executor.executor.parallel:loop closed
[8.761s] DEBUG:colcon.colcon_parallel_executor.executor.parallel:run_until_complete finished with '0'
[8.762s] DEBUG:colcon.colcon_core.event_reactor:joining thread
[8.798s] INFO:colcon.colcon_core.plugin_system:Skipping extension 'colcon_notification.desktop_notification.terminal_notifier': Not used on non-Darwin systems
[8.799s] INFO:colcon.colcon_core.plugin_system:Skipping extension 'colcon_notification.desktop_notification.win32': Not used on non-Windows systems
[8.799s] INFO:colcon.colcon_notification.desktop_notification:Sending desktop notification using 'notify2'
[8.870s] DEBUG:colcon.colcon_core.event_reactor:joined thread
[8.871s] INFO:colcon.colcon_core.shell:Creating prefix script '/home/hadjer/drone_ws/install/local_setup.ps1'
[8.876s] INFO:colcon.colcon_core.shell:Creating prefix util module '/home/hadjer/drone_ws/install/_local_setup_util_ps1.py'
[8.879s] INFO:colcon.colcon_core.shell:Creating prefix chain script '/home/hadjer/drone_ws/install/setup.ps1'
[8.886s] INFO:colcon.colcon_core.shell:Creating prefix script '/home/hadjer/drone_ws/install/local_setup.sh'
[8.891s] INFO:colcon.colcon_core.shell:Creating prefix util module '/home/hadjer/drone_ws/install/_local_setup_util_sh.py'
[8.893s] INFO:colcon.colcon_core.shell:Creating prefix chain script '/home/hadjer/drone_ws/install/setup.sh'
[8.896s] INFO:colcon.colcon_core.shell:Creating prefix script '/home/hadjer/drone_ws/install/local_setup.bash'
[8.898s] INFO:colcon.colcon_core.shell:Creating prefix chain script '/home/hadjer/drone_ws/install/setup.bash'
[8.901s] INFO:colcon.colcon_core.shell:Creating prefix script '/home/hadjer/drone_ws/install/local_setup.zsh'
[8.903s] INFO:colcon.colcon_core.shell:Creating prefix chain script '/home/hadjer/drone_ws/install/setup.zsh'
