running egg_info
writing ../../build/arm_gazebo/arm_gazebo.egg-info/PKG-INFO
writing dependency_links to ../../build/arm_gazebo/arm_gazebo.egg-info/dependency_links.txt
writing entry points to ../../build/arm_gazebo/arm_gazebo.egg-info/entry_points.txt
writing requirements to ../../build/arm_gazebo/arm_gazebo.egg-info/requires.txt
writing top-level names to ../../build/arm_gazebo/arm_gazebo.egg-info/top_level.txt
reading manifest file '../../build/arm_gazebo/arm_gazebo.egg-info/SOURCES.txt'
writing manifest file '../../build/arm_gazebo/arm_gazebo.egg-info/SOURCES.txt'
running build
running build_py
copying arm_gazebo/arm_node.py -> /home/hadjer/drone_ws/build/arm_gazebo/build/lib/arm_gazebo
running install
running install_lib
copying /home/hadjer/drone_ws/build/arm_gazebo/build/lib/arm_gazebo/arm_node.py -> /home/hadjer/drone_ws/install/arm_gazebo/lib/python3.12/site-packages/arm_gazebo
byte-compiling /home/hadjer/drone_ws/install/arm_gazebo/lib/python3.12/site-packages/arm_gazebo/arm_node.py to arm_node.cpython-312.pyc
running install_data
running install_egg_info
removing '/home/hadjer/drone_ws/install/arm_gazebo/lib/python3.12/site-packages/arm_gazebo-0.0.1-py3.12.egg-info' (and everything under it)
Copying ../../build/arm_gazebo/arm_gazebo.egg-info to /home/hadjer/drone_ws/install/arm_gazebo/lib/python3.12/site-packages/arm_gazebo-0.0.1-py3.12.egg-info
running install_scripts
Installing arm_node script to /home/hadjer/drone_ws/install/arm_gazebo/lib/arm_gazebo
writing list of installed files to '/home/hadjer/drone_ws/build/arm_gazebo/install.log'
