[0.735s] DEBUG:colcon:Command line arguments: ['/usr/bin/colcon', 'build', '--symlink-install']
[0.736s] DEBUG:colcon:Parsed command line arguments: Namespace(log_base=None, log_level=None, verb_name='build', build_base='build', install_base='install', merge_install=False, symlink_install=True, test_result_base=None, continue_on_error=False, executor='parallel', parallel_workers=1, event_handlers=None, ignore_user_meta=False, metas=['./colcon.meta'], base_paths=['.'], packages_ignore=None, packages_ignore_regex=None, paths=None, packages_up_to=None, packages_up_to_regex=None, packages_above=None, packages_above_and_dependencies=None, packages_above_depth=None, packages_select_by_dep=None, packages_skip_by_dep=None, packages_skip_up_to=None, packages_select_build_failed=False, packages_skip_build_finished=False, packages_select_test_failures=False, packages_skip_test_passed=False, packages_select=None, packages_skip=None, packages_select_regex=None, packages_skip_regex=None, packages_start=None, packages_end=None, allow_overriding=[], cmake_args=None, cmake_target=None, cmake_target_skip_unavailable=False, cmake_clean_cache=False, cmake_clean_first=False, cmake_force_configure=False, ament_cmake_args=None, catkin_cmake_args=None, catkin_skip_building_tests=False, verb_parser=<colcon_defaults.argument_parser.defaults.DefaultArgumentsDecorator object at 0x71dbdd983350>, verb_extension=<colcon_core.verb.build.BuildVerb object at 0x71dbddab3650>, main=<bound method BuildVerb.main of <colcon_core.verb.build.BuildVerb object at 0x71dbddab3650>>)
[0.948s] Level 1:colcon.colcon_core.package_discovery:discover_packages(colcon_meta) check parameters
[0.949s] Level 1:colcon.colcon_core.package_discovery:discover_packages(recursive) check parameters
[0.949s] Level 1:colcon.colcon_core.package_discovery:discover_packages(ignore) check parameters
[0.949s] Level 1:colcon.colcon_core.package_discovery:discover_packages(path) check parameters
[0.949s] Level 1:colcon.colcon_core.package_discovery:discover_packages(colcon_meta) discover
[0.949s] Level 1:colcon.colcon_core.package_discovery:discover_packages(recursive) discover
[0.949s] INFO:colcon.colcon_core.package_discovery:Crawling recursively for packages in '/home/hadjer/drone_ws'
[0.949s] Level 1:colcon.colcon_core.package_identification:_identify(.) by extensions ['ignore', 'ignore_ament_install']
[0.949s] Level 1:colcon.colcon_core.package_identification:_identify(.) by extension 'ignore'
[0.949s] Level 1:colcon.colcon_core.package_identification:_identify(.) by extension 'ignore_ament_install'
[0.949s] Level 1:colcon.colcon_core.package_identification:_identify(.) by extensions ['colcon_pkg']
[0.949s] Level 1:colcon.colcon_core.package_identification:_identify(.) by extension 'colcon_pkg'
[0.949s] Level 1:colcon.colcon_core.package_identification:_identify(.) by extensions ['colcon_meta']
[0.949s] Level 1:colcon.colcon_core.package_identification:_identify(.) by extension 'colcon_meta'
[0.952s] Level 1:colcon.colcon_core.package_identification:_identify(.) by extensions ['ros']
[0.953s] Level 1:colcon.colcon_core.package_identification:_identify(.) by extension 'ros'
[1.167s] Level 1:colcon.colcon_core.package_identification:_identify(.) by extensions ['cmake', 'python']
[1.168s] Level 1:colcon.colcon_core.package_identification:_identify(.) by extension 'cmake'
[1.168s] Level 1:colcon.colcon_core.package_identification:_identify(.) by extension 'python'
[1.168s] Level 1:colcon.colcon_core.package_identification:_identify(.) by extensions ['python_setup_py']
[1.168s] Level 1:colcon.colcon_core.package_identification:_identify(.) by extension 'python_setup_py'
[1.168s] Level 1:colcon.colcon_core.package_identification:_identify(build) by extensions ['ignore', 'ignore_ament_install']
[1.168s] Level 1:colcon.colcon_core.package_identification:_identify(build) by extension 'ignore'
[1.168s] Level 1:colcon.colcon_core.package_identification:_identify(build) ignored
[1.170s] Level 1:colcon.colcon_core.package_identification:_identify(install) by extensions ['ignore', 'ignore_ament_install']
[1.170s] Level 1:colcon.colcon_core.package_identification:_identify(install) by extension 'ignore'
[1.170s] Level 1:colcon.colcon_core.package_identification:_identify(install) ignored
[1.170s] Level 1:colcon.colcon_core.package_identification:_identify(log) by extensions ['ignore', 'ignore_ament_install']
[1.170s] Level 1:colcon.colcon_core.package_identification:_identify(log) by extension 'ignore'
[1.170s] Level 1:colcon.colcon_core.package_identification:_identify(log) ignored
[1.171s] Level 1:colcon.colcon_core.package_identification:_identify(src) by extensions ['ignore', 'ignore_ament_install']
[1.171s] Level 1:colcon.colcon_core.package_identification:_identify(src) by extension 'ignore'
[1.171s] Level 1:colcon.colcon_core.package_identification:_identify(src) by extension 'ignore_ament_install'
[1.171s] Level 1:colcon.colcon_core.package_identification:_identify(src) by extensions ['colcon_pkg']
[1.171s] Level 1:colcon.colcon_core.package_identification:_identify(src) by extension 'colcon_pkg'
[1.171s] Level 1:colcon.colcon_core.package_identification:_identify(src) by extensions ['colcon_meta']
[1.171s] Level 1:colcon.colcon_core.package_identification:_identify(src) by extension 'colcon_meta'
[1.171s] Level 1:colcon.colcon_core.package_identification:_identify(src) by extensions ['ros']
[1.171s] Level 1:colcon.colcon_core.package_identification:_identify(src) by extension 'ros'
[1.171s] Level 1:colcon.colcon_core.package_identification:_identify(src) by extensions ['cmake', 'python']
[1.171s] Level 1:colcon.colcon_core.package_identification:_identify(src) by extension 'cmake'
[1.174s] Level 1:colcon.colcon_core.package_identification:_identify(src) by extension 'python'
[1.174s] Level 1:colcon.colcon_core.package_identification:_identify(src) by extensions ['python_setup_py']
[1.174s] Level 1:colcon.colcon_core.package_identification:_identify(src) by extension 'python_setup_py'
[1.174s] Level 1:colcon.colcon_core.package_identification:_identify(src/drone_follower) by extensions ['ignore', 'ignore_ament_install']
[1.174s] Level 1:colcon.colcon_core.package_identification:_identify(src/drone_follower) by extension 'ignore'
[1.174s] Level 1:colcon.colcon_core.package_identification:_identify(src/drone_follower) by extension 'ignore_ament_install'
[1.174s] Level 1:colcon.colcon_core.package_identification:_identify(src/drone_follower) by extensions ['colcon_pkg']
[1.174s] Level 1:colcon.colcon_core.package_identification:_identify(src/drone_follower) by extension 'colcon_pkg'
[1.176s] Level 1:colcon.colcon_core.package_identification:_identify(src/drone_follower) by extensions ['colcon_meta']
[1.176s] Level 1:colcon.colcon_core.package_identification:_identify(src/drone_follower) by extension 'colcon_meta'
[1.177s] Level 1:colcon.colcon_core.package_identification:_identify(src/drone_follower) by extensions ['ros']
[1.177s] Level 1:colcon.colcon_core.package_identification:_identify(src/drone_follower) by extension 'ros'
[1.186s] DEBUG:colcon.colcon_core.package_identification:Package 'src/drone_follower' with type 'ros.ament_python' and name 'drone_follower'
[1.187s] Level 1:colcon.colcon_core.package_discovery:discover_packages(recursive) using defaults
[1.187s] Level 1:colcon.colcon_core.package_discovery:discover_packages(ignore) discover
[1.187s] Level 1:colcon.colcon_core.package_discovery:discover_packages(ignore) using defaults
[1.187s] Level 1:colcon.colcon_core.package_discovery:discover_packages(path) discover
[1.187s] Level 1:colcon.colcon_core.package_discovery:discover_packages(path) using defaults
[1.282s] Level 1:colcon.colcon_core.package_discovery:discover_packages(prefix_path) check parameters
[1.282s] Level 1:colcon.colcon_core.package_discovery:discover_packages(prefix_path) discover
[1.290s] DEBUG:colcon.colcon_installed_package_information.package_discovery:Found 2 installed packages in /home/hadjer/ros2_ws/install
[1.305s] DEBUG:colcon.colcon_installed_package_information.package_discovery:Found 526 installed packages in /opt/ros/jazzy
[1.321s] Level 1:colcon.colcon_core.package_discovery:discover_packages(prefix_path) using defaults
[1.736s] Level 5:colcon.colcon_core.verb:set package 'drone_follower' build argument 'cmake_args' from command line to 'None'
[1.736s] Level 5:colcon.colcon_core.verb:set package 'drone_follower' build argument 'cmake_target' from command line to 'None'
[1.737s] Level 5:colcon.colcon_core.verb:set package 'drone_follower' build argument 'cmake_target_skip_unavailable' from command line to 'False'
[1.737s] Level 5:colcon.colcon_core.verb:set package 'drone_follower' build argument 'cmake_clean_cache' from command line to 'False'
[1.737s] Level 5:colcon.colcon_core.verb:set package 'drone_follower' build argument 'cmake_clean_first' from command line to 'False'
[1.737s] Level 5:colcon.colcon_core.verb:set package 'drone_follower' build argument 'cmake_force_configure' from command line to 'False'
[1.737s] Level 5:colcon.colcon_core.verb:set package 'drone_follower' build argument 'ament_cmake_args' from command line to 'None'
[1.737s] Level 5:colcon.colcon_core.verb:set package 'drone_follower' build argument 'catkin_cmake_args' from command line to 'None'
[1.742s] Level 5:colcon.colcon_core.verb:set package 'drone_follower' build argument 'catkin_skip_building_tests' from command line to 'False'
[1.742s] DEBUG:colcon.colcon_core.verb:Building package 'drone_follower' with the following arguments: {'ament_cmake_args': None, 'build_base': '/home/hadjer/drone_ws/build/drone_follower', 'catkin_cmake_args': None, 'catkin_skip_building_tests': False, 'cmake_args': None, 'cmake_clean_cache': False, 'cmake_clean_first': False, 'cmake_force_configure': False, 'cmake_target': None, 'cmake_target_skip_unavailable': False, 'install_base': '/home/hadjer/drone_ws/install/drone_follower', 'merge_install': False, 'path': '/home/hadjer/drone_ws/src/drone_follower', 'symlink_install': True, 'test_result_base': None}
[1.745s] INFO:colcon.colcon_core.executor:Executing jobs using 'parallel' executor
[1.754s] DEBUG:colcon.colcon_parallel_executor.executor.parallel:run_until_complete
[1.754s] INFO:colcon.colcon_ros.task.ament_python.build:Building ROS package in '/home/hadjer/drone_ws/src/drone_follower' with build type 'ament_python'
[1.758s] Level 1:colcon.colcon_core.shell:create_environment_hook('drone_follower', 'ament_prefix_path')
[1.783s] INFO:colcon.colcon_core.plugin_system:Skipping extension 'colcon_core.shell.bat': Not used on non-Windows systems
[1.787s] INFO:colcon.colcon_core.shell:Creating environment hook '/home/hadjer/drone_ws/install/drone_follower/share/drone_follower/hook/ament_prefix_path.ps1'
[1.803s] INFO:colcon.colcon_core.shell:Creating environment descriptor '/home/hadjer/drone_ws/install/drone_follower/share/drone_follower/hook/ament_prefix_path.dsv'
[1.810s] INFO:colcon.colcon_core.shell:Creating environment hook '/home/hadjer/drone_ws/install/drone_follower/share/drone_follower/hook/ament_prefix_path.sh'
[1.826s] INFO:colcon.colcon_core.shell:Skip shell extension 'powershell' for command environment: Not usable outside of PowerShell
[1.826s] DEBUG:colcon.colcon_core.shell:Skip shell extension 'dsv' for command environment
[4.264s] INFO:colcon.colcon_core.task.python.build:Building Python package in '/home/hadjer/drone_ws/src/drone_follower'
[4.265s] INFO:colcon.colcon_core.shell:Skip shell extension 'powershell' for command environment: Not usable outside of PowerShell
[4.270s] DEBUG:colcon.colcon_core.shell:Skip shell extension 'dsv' for command environment
[12.621s] DEBUG:colcon.colcon_core.event_handler.log_command:Invoking command in '/home/hadjer/drone_ws/build/drone_follower': DEBUGINFOD_URLS=https://debuginfod.ubuntu.com PYTHONPATH=/home/hadjer/drone_ws/build/drone_follower/prefix_override:/usr/lib/python3/dist-packages/colcon_core/task/python/colcon_distutils_commands:/home/hadjer/drone_ws/install/drone_follower/lib/python3.12/site-packages:${PYTHONPATH} /usr/bin/python3 -W ignore:setup.py install is deprecated -W ignore:easy_install command is deprecated setup.py develop --editable --build-directory /home/hadjer/drone_ws/build/drone_follower/build --no-deps symlink_data
[29.367s] Level 1:colcon.colcon_core.shell:create_environment_hook('drone_follower', 'pythonpath_develop')
[29.367s] INFO:colcon.colcon_core.shell:Creating environment hook '/home/hadjer/drone_ws/build/drone_follower/share/drone_follower/hook/pythonpath_develop.ps1'
[29.379s] INFO:colcon.colcon_core.shell:Creating environment descriptor '/home/hadjer/drone_ws/build/drone_follower/share/drone_follower/hook/pythonpath_develop.dsv'
[29.381s] INFO:colcon.colcon_core.shell:Creating environment hook '/home/hadjer/drone_ws/build/drone_follower/share/drone_follower/hook/pythonpath_develop.sh'
[29.393s] DEBUG:colcon.colcon_core.event_handler.log_command:Invoked command in '/home/hadjer/drone_ws/build/drone_follower' returned '0': DEBUGINFOD_URLS=https://debuginfod.ubuntu.com PYTHONPATH=/home/hadjer/drone_ws/build/drone_follower/prefix_override:/usr/lib/python3/dist-packages/colcon_core/task/python/colcon_distutils_commands:/home/hadjer/drone_ws/install/drone_follower/lib/python3.12/site-packages:${PYTHONPATH} /usr/bin/python3 -W ignore:setup.py install is deprecated -W ignore:easy_install command is deprecated setup.py develop --editable --build-directory /home/hadjer/drone_ws/build/drone_follower/build --no-deps symlink_data
[29.408s] Level 1:colcon.colcon_core.environment:checking '/home/hadjer/drone_ws/install/drone_follower' for CMake module files
[29.419s] Level 1:colcon.colcon_core.environment:checking '/home/hadjer/drone_ws/install/drone_follower' for CMake config files
[29.425s] Level 1:colcon.colcon_core.environment:checking '/home/hadjer/drone_ws/install/drone_follower/lib'
[29.425s] Level 1:colcon.colcon_core.environment:checking '/home/hadjer/drone_ws/install/drone_follower/bin'
[29.426s] Level 1:colcon.colcon_core.environment:checking '/home/hadjer/drone_ws/install/drone_follower/lib/pkgconfig/drone_follower.pc'
[29.429s] Level 1:colcon.colcon_core.environment:checking '/home/hadjer/drone_ws/install/drone_follower/lib/python3.12/site-packages'
[29.429s] Level 1:colcon.colcon_core.shell:create_environment_hook('drone_follower', 'pythonpath')
[29.429s] INFO:colcon.colcon_core.shell:Creating environment hook '/home/hadjer/drone_ws/install/drone_follower/share/drone_follower/hook/pythonpath.ps1'
[29.436s] INFO:colcon.colcon_core.shell:Creating environment descriptor '/home/hadjer/drone_ws/install/drone_follower/share/drone_follower/hook/pythonpath.dsv'
[29.443s] INFO:colcon.colcon_core.shell:Creating environment hook '/home/hadjer/drone_ws/install/drone_follower/share/drone_follower/hook/pythonpath.sh'
[29.447s] Level 1:colcon.colcon_core.environment:checking '/home/hadjer/drone_ws/install/drone_follower/bin'
[29.448s] Level 1:colcon.colcon_core.environment:create_environment_scripts_only(drone_follower)
[29.452s] INFO:colcon.colcon_core.shell:Creating package script '/home/hadjer/drone_ws/install/drone_follower/share/drone_follower/package.ps1'
[29.470s] INFO:colcon.colcon_core.shell:Creating package descriptor '/home/hadjer/drone_ws/install/drone_follower/share/drone_follower/package.dsv'
[29.476s] INFO:colcon.colcon_core.shell:Creating package script '/home/hadjer/drone_ws/install/drone_follower/share/drone_follower/package.sh'
[29.745s] INFO:colcon.colcon_core.shell:Creating package script '/home/hadjer/drone_ws/install/drone_follower/share/drone_follower/package.bash'
[29.757s] INFO:colcon.colcon_core.shell:Creating package script '/home/hadjer/drone_ws/install/drone_follower/share/drone_follower/package.zsh'
[29.779s] Level 1:colcon.colcon_core.environment:create_file_with_runtime_dependencies(/home/hadjer/drone_ws/install/drone_follower/share/colcon-core/packages/drone_follower)
[29.788s] DEBUG:colcon.colcon_parallel_executor.executor.parallel:closing loop
[29.814s] DEBUG:colcon.colcon_parallel_executor.executor.parallel:loop closed
[29.814s] DEBUG:colcon.colcon_parallel_executor.executor.parallel:run_until_complete finished with '0'
[29.814s] DEBUG:colcon.colcon_core.event_reactor:joining thread
[29.959s] INFO:colcon.colcon_core.plugin_system:Skipping extension 'colcon_notification.desktop_notification.terminal_notifier': Not used on non-Darwin systems
[29.959s] INFO:colcon.colcon_core.plugin_system:Skipping extension 'colcon_notification.desktop_notification.win32': Not used on non-Windows systems
[29.969s] INFO:colcon.colcon_notification.desktop_notification:Sending desktop notification using 'notify2'
[30.055s] DEBUG:colcon.colcon_core.event_reactor:joined thread
[30.069s] INFO:colcon.colcon_core.shell:Creating prefix script '/home/hadjer/drone_ws/install/local_setup.ps1'
[30.111s] INFO:colcon.colcon_core.shell:Creating prefix util module '/home/hadjer/drone_ws/install/_local_setup_util_ps1.py'
[30.176s] INFO:colcon.colcon_core.shell:Creating prefix chain script '/home/hadjer/drone_ws/install/setup.ps1'
[30.274s] INFO:colcon.colcon_core.shell:Creating prefix script '/home/hadjer/drone_ws/install/local_setup.sh'
[30.340s] INFO:colcon.colcon_core.shell:Creating prefix util module '/home/hadjer/drone_ws/install/_local_setup_util_sh.py'
[30.349s] INFO:colcon.colcon_core.shell:Creating prefix chain script '/home/hadjer/drone_ws/install/setup.sh'
[30.419s] INFO:colcon.colcon_core.shell:Creating prefix script '/home/hadjer/drone_ws/install/local_setup.bash'
[30.438s] INFO:colcon.colcon_core.shell:Creating prefix chain script '/home/hadjer/drone_ws/install/setup.bash'
[30.459s] INFO:colcon.colcon_core.shell:Creating prefix script '/home/hadjer/drone_ws/install/local_setup.zsh'
[30.468s] INFO:colcon.colcon_core.shell:Creating prefix chain script '/home/hadjer/drone_ws/install/setup.zsh'
