[2.062s] Invoking command in '/home/hadjer/drone_ws/src/drone_follower': DEBUGINFOD_URLS=https://debuginfod.ubuntu.com PYTHONPATH=/home/hadjer/drone_ws/build/drone_follower/prefix_override:/usr/lib/python3/dist-packages/colcon_core/task/python/colcon_distutils_commands:/home/hadjer/drone_ws/install/drone_follower/lib/python3.12/site-packages:${PYTHONPATH} /usr/bin/python3 -W ignore:setup.py install is deprecated -W ignore:easy_install command is deprecated setup.py egg_info --egg-base ../../build/drone_follower build --build-base /home/hadjer/drone_ws/build/drone_follower/build install --record /home/hadjer/drone_ws/build/drone_follower/install.log --single-version-externally-managed install_data
[2.720s] running egg_info
[2.773s] writing ../../build/drone_follower/drone_follower.egg-info/PKG-INFO
[2.774s] writing dependency_links to ../../build/drone_follower/drone_follower.egg-info/dependency_links.txt
[2.775s] writing entry points to ../../build/drone_follower/drone_follower.egg-info/entry_points.txt
[2.777s] writing requirements to ../../build/drone_follower/drone_follower.egg-info/requires.txt
[2.778s] writing top-level names to ../../build/drone_follower/drone_follower.egg-info/top_level.txt
[2.895s] reading manifest file '../../build/drone_follower/drone_follower.egg-info/SOURCES.txt'
[2.897s] writing manifest file '../../build/drone_follower/drone_follower.egg-info/SOURCES.txt'
[2.897s] running build
[2.897s] running build_py
[2.898s] copying drone_follower/follower_node.py -> /home/hadjer/drone_ws/build/drone_follower/build/lib/drone_follower
[2.900s] running install
[2.913s] running install_lib
[3.000s] copying /home/hadjer/drone_ws/build/drone_follower/build/lib/drone_follower/follower_node.py -> /home/hadjer/drone_ws/install/drone_follower/lib/python3.12/site-packages/drone_follower
[3.001s] byte-compiling /home/hadjer/drone_ws/install/drone_follower/lib/python3.12/site-packages/drone_follower/follower_node.py to follower_node.cpython-312.pyc
[3.003s] running install_data
[3.003s] running install_egg_info
[3.073s] removing '/home/hadjer/drone_ws/install/drone_follower/lib/python3.12/site-packages/drone_follower-0.0.0-py3.12.egg-info' (and everything under it)
[3.088s] Copying ../../build/drone_follower/drone_follower.egg-info to /home/hadjer/drone_ws/install/drone_follower/lib/python3.12/site-packages/drone_follower-0.0.0-py3.12.egg-info
[3.089s] running install_scripts
[3.533s] Installing follower_node script to /home/hadjer/drone_ws/install/drone_follower/lib/drone_follower
[3.534s] writing list of installed files to '/home/hadjer/drone_ws/build/drone_follower/install.log'
[3.608s] Invoked command in '/home/hadjer/drone_ws/src/drone_follower' returned '0': DEBUGINFOD_URLS=https://debuginfod.ubuntu.com PYTHONPATH=/home/hadjer/drone_ws/build/drone_follower/prefix_override:/usr/lib/python3/dist-packages/colcon_core/task/python/colcon_distutils_commands:/home/hadjer/drone_ws/install/drone_follower/lib/python3.12/site-packages:${PYTHONPATH} /usr/bin/python3 -W ignore:setup.py install is deprecated -W ignore:easy_install command is deprecated setup.py egg_info --egg-base ../../build/drone_follower build --build-base /home/hadjer/drone_ws/build/drone_follower/build install --record /home/hadjer/drone_ws/build/drone_follower/install.log --single-version-externally-managed install_data
