running egg_info
writing ../../build/drone_follower/drone_follower.egg-info/PKG-INFO
writing dependency_links to ../../build/drone_follower/drone_follower.egg-info/dependency_links.txt
writing entry points to ../../build/drone_follower/drone_follower.egg-info/entry_points.txt
writing requirements to ../../build/drone_follower/drone_follower.egg-info/requires.txt
writing top-level names to ../../build/drone_follower/drone_follower.egg-info/top_level.txt
reading manifest file '../../build/drone_follower/drone_follower.egg-info/SOURCES.txt'
writing manifest file '../../build/drone_follower/drone_follower.egg-info/SOURCES.txt'
running build
running build_py
copying drone_follower/follower_node.py -> /home/hadjer/drone_ws/build/drone_follower/build/lib/drone_follower
copying drone_follower/__init__.py -> /home/hadjer/drone_ws/build/drone_follower/build/lib/drone_follower
running install
running install_lib
copying /home/hadjer/drone_ws/build/drone_follower/build/lib/drone_follower/follower_node.py -> /home/hadjer/drone_ws/install/drone_follower/lib/python3.12/site-packages/drone_follower
copying /home/hadjer/drone_ws/build/drone_follower/build/lib/drone_follower/__init__.py -> /home/hadjer/drone_ws/install/drone_follower/lib/python3.12/site-packages/drone_follower
byte-compiling /home/hadjer/drone_ws/install/drone_follower/lib/python3.12/site-packages/drone_follower/follower_node.py to follower_node.cpython-312.pyc
byte-compiling /home/hadjer/drone_ws/install/drone_follower/lib/python3.12/site-packages/drone_follower/__init__.py to __init__.cpython-312.pyc
running install_data
copying resource/drone_follower -> /home/hadjer/drone_ws/install/drone_follower/share/ament_index/resource_index/packages
copying package.xml -> /home/hadjer/drone_ws/install/drone_follower/share/drone_follower
running install_egg_info
Copying ../../build/drone_follower/drone_follower.egg-info to /home/hadjer/drone_ws/install/drone_follower/lib/python3.12/site-packages/drone_follower-0.0.0-py3.12.egg-info
running install_scripts
Installing follower_node script to /home/hadjer/drone_ws/install/drone_follower/lib/drone_follower
writing list of installed files to '/home/hadjer/drone_ws/build/drone_follower/install.log'
