running egg_info
writing ../../build/drone_tracker/drone_tracker.egg-info/PKG-INFO
writing dependency_links to ../../build/drone_tracker/drone_tracker.egg-info/dependency_links.txt
writing entry points to ../../build/drone_tracker/drone_tracker.egg-info/entry_points.txt
writing requirements to ../../build/drone_tracker/drone_tracker.egg-info/requires.txt
writing top-level names to ../../build/drone_tracker/drone_tracker.egg-info/top_level.txt
reading manifest file '../../build/drone_tracker/drone_tracker.egg-info/SOURCES.txt'
writing manifest file '../../build/drone_tracker/drone_tracker.egg-info/SOURCES.txt'
running build
running build_py
running install
running install_lib
running install_data
copying launch/drone_launch.py -> /home/hadjer/drone_ws/install/drone_tracker/share/drone_tracker/launch
running install_egg_info
removing '/home/hadjer/drone_ws/install/drone_tracker/lib/python3.12/site-packages/drone_tracker-0.0.1-py3.12.egg-info' (and everything under it)
Copying ../../build/drone_tracker/drone_tracker.egg-info to /home/hadjer/drone_ws/install/drone_tracker/lib/python3.12/site-packages/drone_tracker-0.0.1-py3.12.egg-info
running install_scripts
Installing tracker_node script to /home/hadjer/drone_ws/install/drone_tracker/lib/drone_tracker
writing list of installed files to '/home/hadjer/drone_ws/build/drone_tracker/install.log'
