/home/hadjer/drone_ws/install/drone_tracker/lib/python3.12/site-packages/drone_tracker/tracker_node.py
/home/hadjer/drone_ws/install/drone_tracker/lib/python3.12/site-packages/drone_tracker/__init__.py
/home/hadjer/drone_ws/install/drone_tracker/lib/python3.12/site-packages/drone_tracker/__pycache__/tracker_node.cpython-312.pyc
/home/hadjer/drone_ws/install/drone_tracker/lib/python3.12/site-packages/drone_tracker/__pycache__/__init__.cpython-312.pyc
/home/hadjer/drone_ws/install/drone_tracker/share/ament_index/resource_index/packages/drone_tracker
/home/hadjer/drone_ws/install/drone_tracker/share/drone_tracker/package.xml
/home/hadjer/drone_ws/install/drone_tracker/share/drone_tracker/launch/drone_launch.py
/home/hadjer/drone_ws/install/drone_tracker/share/drone_tracker/worlds/drone_world.sdf
/home/hadjer/drone_ws/install/drone_tracker/share/drone_tracker/models/drone/model.sdf
/home/hadjer/drone_ws/install/drone_tracker/share/drone_tracker/models/drone/model.config
/home/hadjer/drone_ws/install/drone_tracker/share/drone_tracker/models/target/model.sdf
/home/hadjer/drone_ws/install/drone_tracker/share/drone_tracker/models/target/model.config
/home/hadjer/drone_ws/install/drone_tracker/lib/python3.12/site-packages/drone_tracker-0.0.1-py3.12.egg-info/zip-safe
/home/hadjer/drone_ws/install/drone_tracker/lib/python3.12/site-packages/drone_tracker-0.0.1-py3.12.egg-info/entry_points.txt
/home/hadjer/drone_ws/install/drone_tracker/lib/python3.12/site-packages/drone_tracker-0.0.1-py3.12.egg-info/top_level.txt
/home/hadjer/drone_ws/install/drone_tracker/lib/python3.12/site-packages/drone_tracker-0.0.1-py3.12.egg-info/PKG-INFO
/home/hadjer/drone_ws/install/drone_tracker/lib/python3.12/site-packages/drone_tracker-0.0.1-py3.12.egg-info/requires.txt
/home/hadjer/drone_ws/install/drone_tracker/lib/python3.12/site-packages/drone_tracker-0.0.1-py3.12.egg-info/dependency_links.txt
/home/hadjer/drone_ws/install/drone_tracker/lib/python3.12/site-packages/drone_tracker-0.0.1-py3.12.egg-info/SOURCES.txt
/home/hadjer/drone_ws/install/drone_tracker/lib/drone_tracker/tracker_node
