running egg_info
creating ../../build/arm_gazebo/arm_gazebo.egg-info
writing ../../build/arm_gazebo/arm_gazebo.egg-info/PKG-INFO
writing dependency_links to ../../build/arm_gazebo/arm_gazebo.egg-info/dependency_links.txt
writing entry points to ../../build/arm_gazebo/arm_gazebo.egg-info/entry_points.txt
writing requirements to ../../build/arm_gazebo/arm_gazebo.egg-info/requires.txt
writing top-level names to ../../build/arm_gazebo/arm_gazebo.egg-info/top_level.txt
writing manifest file '../../build/arm_gazebo/arm_gazebo.egg-info/SOURCES.txt'
reading manifest file '../../build/arm_gazebo/arm_gazebo.egg-info/SOURCES.txt'
writing manifest file '../../build/arm_gazebo/arm_gazebo.egg-info/SOURCES.txt'
running build
running build_py
creating /home/hadjer/drone_ws/build/arm_gazebo/build
creating /home/hadjer/drone_ws/build/arm_gazebo/build/lib
creating /home/hadjer/drone_ws/build/arm_gazebo/build/lib/arm_gazebo
copying arm_gazebo/__init__.py -> /home/hadjer/drone_ws/build/arm_gazebo/build/lib/arm_gazebo
copying arm_gazebo/arm_node.py -> /home/hadjer/drone_ws/build/arm_gazebo/build/lib/arm_gazebo
running install
running install_lib
creating /home/hadjer/drone_ws/install/arm_gazebo/lib/python3.12/site-packages/arm_gazebo
copying /home/hadjer/drone_ws/build/arm_gazebo/build/lib/arm_gazebo/__init__.py -> /home/hadjer/drone_ws/install/arm_gazebo/lib/python3.12/site-packages/arm_gazebo
copying /home/hadjer/drone_ws/build/arm_gazebo/build/lib/arm_gazebo/arm_node.py -> /home/hadjer/drone_ws/install/arm_gazebo/lib/python3.12/site-packages/arm_gazebo
byte-compiling /home/hadjer/drone_ws/install/arm_gazebo/lib/python3.12/site-packages/arm_gazebo/__init__.py to __init__.cpython-312.pyc
byte-compiling /home/hadjer/drone_ws/install/arm_gazebo/lib/python3.12/site-packages/arm_gazebo/arm_node.py to arm_node.cpython-312.pyc
running install_data
creating /home/hadjer/drone_ws/install/arm_gazebo/share/ament_index
creating /home/hadjer/drone_ws/install/arm_gazebo/share/ament_index/resource_index
creating /home/hadjer/drone_ws/install/arm_gazebo/share/ament_index/resource_index/packages
copying resource/arm_gazebo -> /home/hadjer/drone_ws/install/arm_gazebo/share/ament_index/resource_index/packages
copying package.xml -> /home/hadjer/drone_ws/install/arm_gazebo/share/arm_gazebo
creating /home/hadjer/drone_ws/install/arm_gazebo/share/arm_gazebo/launch
copying launch/arm_launch.py -> /home/hadjer/drone_ws/install/arm_gazebo/share/arm_gazebo/launch
creating /home/hadjer/drone_ws/install/arm_gazebo/share/arm_gazebo/worlds
copying worlds/arm_world.sdf -> /home/hadjer/drone_ws/install/arm_gazebo/share/arm_gazebo/worlds
creating /home/hadjer/drone_ws/install/arm_gazebo/share/arm_gazebo/models
creating /home/hadjer/drone_ws/install/arm_gazebo/share/arm_gazebo/models/arm
copying models/arm/model.sdf -> /home/hadjer/drone_ws/install/arm_gazebo/share/arm_gazebo/models/arm
copying models/arm/model.config -> /home/hadjer/drone_ws/install/arm_gazebo/share/arm_gazebo/models/arm
creating /home/hadjer/drone_ws/install/arm_gazebo/share/arm_gazebo/models/object
copying models/object/model.sdf -> /home/hadjer/drone_ws/install/arm_gazebo/share/arm_gazebo/models/object
copying models/object/model.config -> /home/hadjer/drone_ws/install/arm_gazebo/share/arm_gazebo/models/object
running install_egg_info
Copying ../../build/arm_gazebo/arm_gazebo.egg-info to /home/hadjer/drone_ws/install/arm_gazebo/lib/python3.12/site-packages/arm_gazebo-0.0.1-py3.12.egg-info
running install_scripts
Installing arm_node script to /home/hadjer/drone_ws/install/arm_gazebo/lib/arm_gazebo
writing list of installed files to '/home/hadjer/drone_ws/build/arm_gazebo/install.log'
