running egg_info
creating ../../build/arm_controller/arm_controller.egg-info
writing ../../build/arm_controller/arm_controller.egg-info/PKG-INFO
writing dependency_links to ../../build/arm_controller/arm_controller.egg-info/dependency_links.txt
writing entry points to ../../build/arm_controller/arm_controller.egg-info/entry_points.txt
writing requirements to ../../build/arm_controller/arm_controller.egg-info/requires.txt
writing top-level names to ../../build/arm_controller/arm_controller.egg-info/top_level.txt
writing manifest file '../../build/arm_controller/arm_controller.egg-info/SOURCES.txt'
reading manifest file '../../build/arm_controller/arm_controller.egg-info/SOURCES.txt'
writing manifest file '../../build/arm_controller/arm_controller.egg-info/SOURCES.txt'
running build
running build_py
creating /home/hadjer/drone_ws/build/arm_controller/build
creating /home/hadjer/drone_ws/build/arm_controller/build/lib
creating /home/hadjer/drone_ws/build/arm_controller/build/lib/arm_controller
copying arm_controller/__init__.py -> /home/hadjer/drone_ws/build/arm_controller/build/lib/arm_controller
copying arm_controller/arm_node.py -> /home/hadjer/drone_ws/build/arm_controller/build/lib/arm_controller
running install
running install_lib
creating /home/hadjer/drone_ws/install/arm_controller/lib/python3.12/site-packages/arm_controller
copying /home/hadjer/drone_ws/build/arm_controller/build/lib/arm_controller/__init__.py -> /home/hadjer/drone_ws/install/arm_controller/lib/python3.12/site-packages/arm_controller
copying /home/hadjer/drone_ws/build/arm_controller/build/lib/arm_controller/arm_node.py -> /home/hadjer/drone_ws/install/arm_controller/lib/python3.12/site-packages/arm_controller
byte-compiling /home/hadjer/drone_ws/install/arm_controller/lib/python3.12/site-packages/arm_controller/__init__.py to __init__.cpython-312.pyc
byte-compiling /home/hadjer/drone_ws/install/arm_controller/lib/python3.12/site-packages/arm_controller/arm_node.py to arm_node.cpython-312.pyc
running install_data
creating /home/hadjer/drone_ws/install/arm_controller/share/ament_index
creating /home/hadjer/drone_ws/install/arm_controller/share/ament_index/resource_index
creating /home/hadjer/drone_ws/install/arm_controller/share/ament_index/resource_index/packages
copying resource/arm_controller -> /home/hadjer/drone_ws/install/arm_controller/share/ament_index/resource_index/packages
copying package.xml -> /home/hadjer/drone_ws/install/arm_controller/share/arm_controller
creating /home/hadjer/drone_ws/install/arm_controller/share/arm_controller/launch
copying launch/arm_launch.py -> /home/hadjer/drone_ws/install/arm_controller/share/arm_controller/launch
creating /home/hadjer/drone_ws/install/arm_controller/share/arm_controller/urdf
copying urdf/arm.urdf -> /home/hadjer/drone_ws/install/arm_controller/share/arm_controller/urdf
creating /home/hadjer/drone_ws/install/arm_controller/share/arm_controller/rviz
copying rviz/arm.rviz -> /home/hadjer/drone_ws/install/arm_controller/share/arm_controller/rviz
running install_egg_info
Copying ../../build/arm_controller/arm_controller.egg-info to /home/hadjer/drone_ws/install/arm_controller/lib/python3.12/site-packages/arm_controller-0.0.1-py3.12.egg-info
running install_scripts
Installing arm_node script to /home/hadjer/drone_ws/install/arm_controller/lib/arm_controller
writing list of installed files to '/home/hadjer/drone_ws/build/arm_controller/install.log'
