[0.160s] DEBUG:colcon:Command line arguments: ['/usr/bin/colcon', 'build', '--packages-select', 'drone_tracker']
[0.161s] DEBUG:colcon:Parsed command line arguments: Namespace(log_base=None, log_level=None, verb_name='build', build_base='build', install_base='install', merge_install=False, symlink_install=False, test_result_base=None, continue_on_error=False, executor='parallel', parallel_workers=1, event_handlers=None, ignore_user_meta=False, metas=['./colcon.meta'], base_paths=['.'], packages_ignore=None, packages_ignore_regex=None, paths=None, packages_up_to=None, packages_up_to_regex=None, packages_above=None, packages_above_and_dependencies=None, packages_above_depth=None, packages_select_by_dep=None, packages_skip_by_dep=None, packages_skip_up_to=None, packages_select_build_failed=False, packages_skip_build_finished=False, packages_select_test_failures=False, packages_skip_test_passed=False, packages_select=['drone_tracker'], packages_skip=None, packages_select_regex=None, packages_skip_regex=None, packages_start=None, packages_end=None, allow_overriding=[], cmake_args=None, cmake_target=None, cmake_target_skip_unavailable=False, cmake_clean_cache=False, cmake_clean_first=False, cmake_force_configure=False, ament_cmake_args=None, catkin_cmake_args=None, catkin_skip_building_tests=False, verb_parser=<colcon_defaults.argument_parser.defaults.DefaultArgumentsDecorator object at 0x7a569737b3b0>, verb_extension=<colcon_core.verb.build.BuildVerb object at 0x7a56974a7da0>, main=<bound method BuildVerb.main of <colcon_core.verb.build.BuildVerb object at 0x7a56974a7da0>>)
[0.220s] Level 1:colcon.colcon_core.package_discovery:discover_packages(colcon_meta) check parameters
[0.220s] Level 1:colcon.colcon_core.package_discovery:discover_packages(recursive) check parameters
[0.220s] Level 1:colcon.colcon_core.package_discovery:discover_packages(ignore) check parameters
[0.220s] Level 1:colcon.colcon_core.package_discovery:discover_packages(path) check parameters
[0.220s] Level 1:colcon.colcon_core.package_discovery:discover_packages(colcon_meta) discover
[0.220s] Level 1:colcon.colcon_core.package_discovery:discover_packages(recursive) discover
[0.220s] INFO:colcon.colcon_core.package_discovery:Crawling recursively for packages in '/home/hadjer/drone_ws'
[0.220s] Level 1:colcon.colcon_core.package_identification:_identify(.) by extensions ['ignore', 'ignore_ament_install']
[0.220s] Level 1:colcon.colcon_core.package_identification:_identify(.) by extension 'ignore'
[0.220s] Level 1:colcon.colcon_core.package_identification:_identify(.) by extension 'ignore_ament_install'
[0.220s] Level 1:colcon.colcon_core.package_identification:_identify(.) by extensions ['colcon_pkg']
[0.220s] Level 1:colcon.colcon_core.package_identification:_identify(.) by extension 'colcon_pkg'
[0.221s] Level 1:colcon.colcon_core.package_identification:_identify(.) by extensions ['colcon_meta']
[0.221s] Level 1:colcon.colcon_core.package_identification:_identify(.) by extension 'colcon_meta'
[0.221s] Level 1:colcon.colcon_core.package_identification:_identify(.) by extensions ['ros']
[0.221s] Level 1:colcon.colcon_core.package_identification:_identify(.) by extension 'ros'
[0.254s] Level 1:colcon.colcon_core.package_identification:_identify(.) by extensions ['cmake', 'python']
[0.255s] Level 1:colcon.colcon_core.package_identification:_identify(.) by extension 'cmake'
[0.255s] Level 1:colcon.colcon_core.package_identification:_identify(.) by extension 'python'
[0.255s] Level 1:colcon.colcon_core.package_identification:_identify(.) by extensions ['python_setup_py']
[0.255s] Level 1:colcon.colcon_core.package_identification:_identify(.) by extension 'python_setup_py'
[0.255s] Level 1:colcon.colcon_core.package_identification:_identify(build) by extensions ['ignore', 'ignore_ament_install']
[0.255s] Level 1:colcon.colcon_core.package_identification:_identify(build) by extension 'ignore'
[0.255s] Level 1:colcon.colcon_core.package_identification:_identify(build) ignored
[0.255s] Level 1:colcon.colcon_core.package_identification:_identify(install) by extensions ['ignore', 'ignore_ament_install']
[0.256s] Level 1:colcon.colcon_core.package_identification:_identify(install) by extension 'ignore'
[0.256s] Level 1:colcon.colcon_core.package_identification:_identify(install) ignored
[0.256s] Level 1:colcon.colcon_core.package_identification:_identify(log) by extensions ['ignore', 'ignore_ament_install']
[0.256s] Level 1:colcon.colcon_core.package_identification:_identify(log) by extension 'ignore'
[0.256s] Level 1:colcon.colcon_core.package_identification:_identify(log) ignored
[0.256s] Level 1:colcon.colcon_core.package_identification:_identify(src) by extensions ['ignore', 'ignore_ament_install']
[0.256s] Level 1:colcon.colcon_core.package_identification:_identify(src) by extension 'ignore'
[0.256s] Level 1:colcon.colcon_core.package_identification:_identify(src) by extension 'ignore_ament_install'
[0.256s] Level 1:colcon.colcon_core.package_identification:_identify(src) by extensions ['colcon_pkg']
[0.256s] Level 1:colcon.colcon_core.package_identification:_identify(src) by extension 'colcon_pkg'
[0.256s] Level 1:colcon.colcon_core.package_identification:_identify(src) by extensions ['colcon_meta']
[0.256s] Level 1:colcon.colcon_core.package_identification:_identify(src) by extension 'colcon_meta'
[0.256s] Level 1:colcon.colcon_core.package_identification:_identify(src) by extensions ['ros']
[0.256s] Level 1:colcon.colcon_core.package_identification:_identify(src) by extension 'ros'
[0.257s] Level 1:colcon.colcon_core.package_identification:_identify(src) by extensions ['cmake', 'python']
[0.257s] Level 1:colcon.colcon_core.package_identification:_identify(src) by extension 'cmake'
[0.257s] Level 1:colcon.colcon_core.package_identification:_identify(src) by extension 'python'
[0.257s] Level 1:colcon.colcon_core.package_identification:_identify(src) by extensions ['python_setup_py']
[0.257s] Level 1:colcon.colcon_core.package_identification:_identify(src) by extension 'python_setup_py'
[0.257s] Level 1:colcon.colcon_core.package_identification:_identify(src/drone_follower) by extensions ['ignore', 'ignore_ament_install']
[0.257s] Level 1:colcon.colcon_core.package_identification:_identify(src/drone_follower) by extension 'ignore'
[0.257s] Level 1:colcon.colcon_core.package_identification:_identify(src/drone_follower) by extension 'ignore_ament_install'
[0.257s] Level 1:colcon.colcon_core.package_identification:_identify(src/drone_follower) by extensions ['colcon_pkg']
[0.257s] Level 1:colcon.colcon_core.package_identification:_identify(src/drone_follower) by extension 'colcon_pkg'
[0.257s] Level 1:colcon.colcon_core.package_identification:_identify(src/drone_follower) by extensions ['colcon_meta']
[0.257s] Level 1:colcon.colcon_core.package_identification:_identify(src/drone_follower) by extension 'colcon_meta'
[0.257s] Level 1:colcon.colcon_core.package_identification:_identify(src/drone_follower) by extensions ['ros']
[0.257s] Level 1:colcon.colcon_core.package_identification:_identify(src/drone_follower) by extension 'ros'
[0.260s] DEBUG:colcon.colcon_core.package_identification:Package 'src/drone_follower' with type 'ros.ament_python' and name 'drone_follower'
[0.260s] Level 1:colcon.colcon_core.package_identification:_identify(src/drone_tracker) by extensions ['ignore', 'ignore_ament_install']
[0.260s] Level 1:colcon.colcon_core.package_identification:_identify(src/drone_tracker) by extension 'ignore'
[0.260s] Level 1:colcon.colcon_core.package_identification:_identify(src/drone_tracker) by extension 'ignore_ament_install'
[0.260s] Level 1:colcon.colcon_core.package_identification:_identify(src/drone_tracker) by extensions ['colcon_pkg']
[0.260s] Level 1:colcon.colcon_core.package_identification:_identify(src/drone_tracker) by extension 'colcon_pkg'
[0.261s] Level 1:colcon.colcon_core.package_identification:_identify(src/drone_tracker) by extensions ['colcon_meta']
[0.261s] Level 1:colcon.colcon_core.package_identification:_identify(src/drone_tracker) by extension 'colcon_meta'
[0.261s] Level 1:colcon.colcon_core.package_identification:_identify(src/drone_tracker) by extensions ['ros']
[0.261s] Level 1:colcon.colcon_core.package_identification:_identify(src/drone_tracker) by extension 'ros'
[0.261s] DEBUG:colcon.colcon_core.package_identification:Package 'src/drone_tracker' with type 'ros.ament_python' and name 'drone_tracker'
[0.261s] Level 1:colcon.colcon_core.package_discovery:discover_packages(recursive) using defaults
[0.261s] Level 1:colcon.colcon_core.package_discovery:discover_packages(ignore) discover
[0.261s] Level 1:colcon.colcon_core.package_discovery:discover_packages(ignore) using defaults
[0.262s] Level 1:colcon.colcon_core.package_discovery:discover_packages(path) discover
[0.262s] Level 1:colcon.colcon_core.package_discovery:discover_packages(path) using defaults
[0.285s] INFO:colcon.colcon_core.package_selection:Skipping not selected package 'drone_follower' in 'src/drone_follower'
[0.286s] Level 1:colcon.colcon_core.package_discovery:discover_packages(prefix_path) check parameters
[0.286s] Level 1:colcon.colcon_core.package_discovery:discover_packages(prefix_path) discover
[0.289s] DEBUG:colcon.colcon_installed_package_information.package_discovery:Found 2 installed packages in /home/hadjer/drone_ws/install
[0.289s] DEBUG:colcon.colcon_installed_package_information.package_discovery:Found 2 installed packages in /home/hadjer/ros2_ws/install
[0.292s] DEBUG:colcon.colcon_installed_package_information.package_discovery:Found 532 installed packages in /opt/ros/jazzy
[0.294s] Level 1:colcon.colcon_core.package_discovery:discover_packages(prefix_path) using defaults
[0.392s] Level 5:colcon.colcon_core.verb:set package 'drone_tracker' build argument 'cmake_args' from command line to 'None'
[0.392s] Level 5:colcon.colcon_core.verb:set package 'drone_tracker' build argument 'cmake_target' from command line to 'None'
[0.392s] Level 5:colcon.colcon_core.verb:set package 'drone_tracker' build argument 'cmake_target_skip_unavailable' from command line to 'False'
[0.392s] Level 5:colcon.colcon_core.verb:set package 'drone_tracker' build argument 'cmake_clean_cache' from command line to 'False'
[0.392s] Level 5:colcon.colcon_core.verb:set package 'drone_tracker' build argument 'cmake_clean_first' from command line to 'False'
[0.392s] Level 5:colcon.colcon_core.verb:set package 'drone_tracker' build argument 'cmake_force_configure' from command line to 'False'
[0.392s] Level 5:colcon.colcon_core.verb:set package 'drone_tracker' build argument 'ament_cmake_args' from command line to 'None'
[0.392s] Level 5:colcon.colcon_core.verb:set package 'drone_tracker' build argument 'catkin_cmake_args' from command line to 'None'
[0.392s] Level 5:colcon.colcon_core.verb:set package 'drone_tracker' build argument 'catkin_skip_building_tests' from command line to 'False'
[0.392s] DEBUG:colcon.colcon_core.verb:Building package 'drone_tracker' with the following arguments: {'ament_cmake_args': None, 'build_base': '/home/hadjer/drone_ws/build/drone_tracker', 'catkin_cmake_args': None, 'catkin_skip_building_tests': False, 'cmake_args': None, 'cmake_clean_cache': False, 'cmake_clean_first': False, 'cmake_force_configure': False, 'cmake_target': None, 'cmake_target_skip_unavailable': False, 'install_base': '/home/hadjer/drone_ws/install/drone_tracker', 'merge_install': False, 'path': '/home/hadjer/drone_ws/src/drone_tracker', 'symlink_install': False, 'test_result_base': None}
[0.392s] INFO:colcon.colcon_core.executor:Executing jobs using 'parallel' executor
[0.393s] DEBUG:colcon.colcon_parallel_executor.executor.parallel:run_until_complete
[0.394s] INFO:colcon.colcon_ros.task.ament_python.build:Building ROS package in '/home/hadjer/drone_ws/src/drone_tracker' with build type 'ament_python'
[0.394s] Level 1:colcon.colcon_core.shell:create_environment_hook('drone_tracker', 'ament_prefix_path')
[0.400s] INFO:colcon.colcon_core.plugin_system:Skipping extension 'colcon_core.shell.bat': Not used on non-Windows systems
[0.400s] INFO:colcon.colcon_core.shell:Creating environment hook '/home/hadjer/drone_ws/install/drone_tracker/share/drone_tracker/hook/ament_prefix_path.ps1'
[0.401s] INFO:colcon.colcon_core.shell:Creating environment descriptor '/home/hadjer/drone_ws/install/drone_tracker/share/drone_tracker/hook/ament_prefix_path.dsv'
[0.403s] INFO:colcon.colcon_core.shell:Creating environment hook '/home/hadjer/drone_ws/install/drone_tracker/share/drone_tracker/hook/ament_prefix_path.sh'
[0.408s] INFO:colcon.colcon_core.shell:Skip shell extension 'powershell' for command environment: Not usable outside of PowerShell
[0.408s] DEBUG:colcon.colcon_core.shell:Skip shell extension 'dsv' for command environment
[1.076s] INFO:colcon.colcon_core.task.python.build:Building Python package in '/home/hadjer/drone_ws/src/drone_tracker'
[1.077s] INFO:colcon.colcon_core.shell:Skip shell extension 'powershell' for command environment: Not usable outside of PowerShell
[1.077s] DEBUG:colcon.colcon_core.shell:Skip shell extension 'dsv' for command environment
[2.642s] DEBUG:colcon.colcon_core.event_handler.log_command:Invoking command in '/home/hadjer/drone_ws/src/drone_tracker': DEBUGINFOD_URLS=https://debuginfod.ubuntu.com PYTHONPATH=/home/hadjer/drone_ws/build/drone_tracker/prefix_override:/usr/lib/python3/dist-packages/colcon_core/task/python/colcon_distutils_commands:/home/hadjer/drone_ws/install/drone_tracker/lib/python3.12/site-packages:${PYTHONPATH} /usr/bin/python3 -W ignore:setup.py install is deprecated -W ignore:easy_install command is deprecated setup.py egg_info --egg-base ../../build/drone_tracker build --build-base /home/hadjer/drone_ws/build/drone_tracker/build install --record /home/hadjer/drone_ws/build/drone_tracker/install.log --single-version-externally-managed install_data
[4.130s] DEBUG:colcon.colcon_core.event_handler.log_command:Invoked command in '/home/hadjer/drone_ws/src/drone_tracker' returned '0': DEBUGINFOD_URLS=https://debuginfod.ubuntu.com PYTHONPATH=/home/hadjer/drone_ws/build/drone_tracker/prefix_override:/usr/lib/python3/dist-packages/colcon_core/task/python/colcon_distutils_commands:/home/hadjer/drone_ws/install/drone_tracker/lib/python3.12/site-packages:${PYTHONPATH} /usr/bin/python3 -W ignore:setup.py install is deprecated -W ignore:easy_install command is deprecated setup.py egg_info --egg-base ../../build/drone_tracker build --build-base /home/hadjer/drone_ws/build/drone_tracker/build install --record /home/hadjer/drone_ws/build/drone_tracker/install.log --single-version-externally-managed install_data
[4.134s] Level 1:colcon.colcon_core.environment:checking '/home/hadjer/drone_ws/install/drone_tracker' for CMake module files
[4.137s] Level 1:colcon.colcon_core.environment:checking '/home/hadjer/drone_ws/install/drone_tracker' for CMake config files
[4.139s] Level 1:colcon.colcon_core.environment:checking '/home/hadjer/drone_ws/install/drone_tracker/lib'
[4.139s] Level 1:colcon.colcon_core.environment:checking '/home/hadjer/drone_ws/install/drone_tracker/bin'
[4.140s] Level 1:colcon.colcon_core.environment:checking '/home/hadjer/drone_ws/install/drone_tracker/lib/pkgconfig/drone_tracker.pc'
[4.141s] Level 1:colcon.colcon_core.environment:checking '/home/hadjer/drone_ws/install/drone_tracker/lib/python3.12/site-packages'
[4.141s] Level 1:colcon.colcon_core.shell:create_environment_hook('drone_tracker', 'pythonpath')
[4.143s] INFO:colcon.colcon_core.shell:Creating environment hook '/home/hadjer/drone_ws/install/drone_tracker/share/drone_tracker/hook/pythonpath.ps1'
[4.144s] INFO:colcon.colcon_core.shell:Creating environment descriptor '/home/hadjer/drone_ws/install/drone_tracker/share/drone_tracker/hook/pythonpath.dsv'
[4.146s] INFO:colcon.colcon_core.shell:Creating environment hook '/home/hadjer/drone_ws/install/drone_tracker/share/drone_tracker/hook/pythonpath.sh'
[4.148s] Level 1:colcon.colcon_core.environment:checking '/home/hadjer/drone_ws/install/drone_tracker/bin'
[4.148s] Level 1:colcon.colcon_core.environment:create_environment_scripts_only(drone_tracker)
[4.150s] INFO:colcon.colcon_core.shell:Creating package script '/home/hadjer/drone_ws/install/drone_tracker/share/drone_tracker/package.ps1'
[4.156s] INFO:colcon.colcon_core.shell:Creating package descriptor '/home/hadjer/drone_ws/install/drone_tracker/share/drone_tracker/package.dsv'
[4.157s] INFO:colcon.colcon_core.shell:Creating package script '/home/hadjer/drone_ws/install/drone_tracker/share/drone_tracker/package.sh'
[4.159s] INFO:colcon.colcon_core.shell:Creating package script '/home/hadjer/drone_ws/install/drone_tracker/share/drone_tracker/package.bash'
[4.160s] INFO:colcon.colcon_core.shell:Creating package script '/home/hadjer/drone_ws/install/drone_tracker/share/drone_tracker/package.zsh'
[4.160s] Level 1:colcon.colcon_core.environment:create_file_with_runtime_dependencies(/home/hadjer/drone_ws/install/drone_tracker/share/colcon-core/packages/drone_tracker)
[4.162s] DEBUG:colcon.colcon_parallel_executor.executor.parallel:closing loop
[4.162s] DEBUG:colcon.colcon_parallel_executor.executor.parallel:loop closed
[4.162s] DEBUG:colcon.colcon_parallel_executor.executor.parallel:run_until_complete finished with '0'
[4.162s] DEBUG:colcon.colcon_core.event_reactor:joining thread
[4.173s] INFO:colcon.colcon_core.plugin_system:Skipping extension 'colcon_notification.desktop_notification.terminal_notifier': Not used on non-Darwin systems
[4.173s] INFO:colcon.colcon_core.plugin_system:Skipping extension 'colcon_notification.desktop_notification.win32': Not used on non-Windows systems
[4.173s] INFO:colcon.colcon_notification.desktop_notification:Sending desktop notification using 'notify2'
[4.217s] DEBUG:colcon.colcon_core.event_reactor:joined thread
[4.218s] INFO:colcon.colcon_core.shell:Creating prefix script '/home/hadjer/drone_ws/install/local_setup.ps1'
[4.223s] INFO:colcon.colcon_core.shell:Creating prefix util module '/home/hadjer/drone_ws/install/_local_setup_util_ps1.py'
[4.227s] INFO:colcon.colcon_core.shell:Creating prefix chain script '/home/hadjer/drone_ws/install/setup.ps1'
[4.236s] INFO:colcon.colcon_core.shell:Creating prefix script '/home/hadjer/drone_ws/install/local_setup.sh'
[4.240s] INFO:colcon.colcon_core.shell:Creating prefix util module '/home/hadjer/drone_ws/install/_local_setup_util_sh.py'
[4.244s] INFO:colcon.colcon_core.shell:Creating prefix chain script '/home/hadjer/drone_ws/install/setup.sh'
[4.250s] INFO:colcon.colcon_core.shell:Creating prefix script '/home/hadjer/drone_ws/install/local_setup.bash'
[4.253s] INFO:colcon.colcon_core.shell:Creating prefix chain script '/home/hadjer/drone_ws/install/setup.bash'
[4.258s] INFO:colcon.colcon_core.shell:Creating prefix script '/home/hadjer/drone_ws/install/local_setup.zsh'
[4.260s] INFO:colcon.colcon_core.shell:Creating prefix chain script '/home/hadjer/drone_ws/install/setup.zsh'
