[0.258s] DEBUG:colcon:Command line arguments: ['/usr/bin/colcon', 'build', '--symlink-install']
[0.259s] DEBUG:colcon:Parsed command line arguments: Namespace(log_base=None, log_level=None, verb_name='build', build_base='build', install_base='install', merge_install=False, symlink_install=True, test_result_base=None, continue_on_error=False, executor='parallel', parallel_workers=1, event_handlers=None, ignore_user_meta=False, metas=['./colcon.meta'], base_paths=['.'], packages_ignore=None, packages_ignore_regex=None, paths=None, packages_up_to=None, packages_up_to_regex=None, packages_above=None, packages_above_and_dependencies=None, packages_above_depth=None, packages_select_by_dep=None, packages_skip_by_dep=None, packages_skip_up_to=None, packages_select_build_failed=False, packages_skip_build_finished=False, packages_select_test_failures=False, packages_skip_test_passed=False, packages_select=None, packages_skip=None, packages_select_regex=None, packages_skip_regex=None, packages_start=None, packages_end=None, allow_overriding=[], cmake_args=None, cmake_target=None, cmake_target_skip_unavailable=False, cmake_clean_cache=False, cmake_clean_first=False, cmake_force_configure=False, ament_cmake_args=None, catkin_cmake_args=None, catkin_skip_building_tests=False, verb_parser=<colcon_defaults.argument_parser.defaults.DefaultArgumentsDecorator object at 0x793a5d828500>, verb_extension=<colcon_core.verb.build.BuildVerb object at 0x793a5d9ab500>, main=<bound method BuildVerb.main of <colcon_core.verb.build.BuildVerb object at 0x793a5d9ab500>>)
[0.346s] Level 1:colcon.colcon_core.package_discovery:discover_packages(colcon_meta) check parameters
[0.346s] Level 1:colcon.colcon_core.package_discovery:discover_packages(recursive) check parameters
[0.346s] Level 1:colcon.colcon_core.package_discovery:discover_packages(ignore) check parameters
[0.346s] Level 1:colcon.colcon_core.package_discovery:discover_packages(path) check parameters
[0.346s] Level 1:colcon.colcon_core.package_discovery:discover_packages(colcon_meta) discover
[0.346s] Level 1:colcon.colcon_core.package_discovery:discover_packages(recursive) discover
[0.346s] INFO:colcon.colcon_core.package_discovery:Crawling recursively for packages in '/home/hadjer/drone_ws'
[0.346s] Level 1:colcon.colcon_core.package_identification:_identify(.) by extensions ['ignore', 'ignore_ament_install']
[0.347s] Level 1:colcon.colcon_core.package_identification:_identify(.) by extension 'ignore'
[0.347s] Level 1:colcon.colcon_core.package_identification:_identify(.) by extension 'ignore_ament_install'
[0.347s] Level 1:colcon.colcon_core.package_identification:_identify(.) by extensions ['colcon_pkg']
[0.347s] Level 1:colcon.colcon_core.package_identification:_identify(.) by extension 'colcon_pkg'
[0.347s] Level 1:colcon.colcon_core.package_identification:_identify(.) by extensions ['colcon_meta']
[0.347s] Level 1:colcon.colcon_core.package_identification:_identify(.) by extension 'colcon_meta'
[0.347s] Level 1:colcon.colcon_core.package_identification:_identify(.) by extensions ['ros']
[0.347s] Level 1:colcon.colcon_core.package_identification:_identify(.) by extension 'ros'
[0.388s] Level 1:colcon.colcon_core.package_identification:_identify(.) by extensions ['cmake', 'python']
[0.388s] Level 1:colcon.colcon_core.package_identification:_identify(.) by extension 'cmake'
[0.388s] Level 1:colcon.colcon_core.package_identification:_identify(.) by extension 'python'
[0.388s] Level 1:colcon.colcon_core.package_identification:_identify(.) by extensions ['python_setup_py']
[0.388s] Level 1:colcon.colcon_core.package_identification:_identify(.) by extension 'python_setup_py'
[0.389s] Level 1:colcon.colcon_core.package_identification:_identify(build) by extensions ['ignore', 'ignore_ament_install']
[0.389s] Level 1:colcon.colcon_core.package_identification:_identify(build) by extension 'ignore'
[0.389s] Level 1:colcon.colcon_core.package_identification:_identify(build) ignored
[0.389s] Level 1:colcon.colcon_core.package_identification:_identify(install) by extensions ['ignore', 'ignore_ament_install']
[0.389s] Level 1:colcon.colcon_core.package_identification:_identify(install) by extension 'ignore'
[0.390s] Level 1:colcon.colcon_core.package_identification:_identify(install) ignored
[0.390s] Level 1:colcon.colcon_core.package_identification:_identify(log) by extensions ['ignore', 'ignore_ament_install']
[0.390s] Level 1:colcon.colcon_core.package_identification:_identify(log) by extension 'ignore'
[0.390s] Level 1:colcon.colcon_core.package_identification:_identify(log) ignored
[0.390s] Level 1:colcon.colcon_core.package_identification:_identify(src) by extensions ['ignore', 'ignore_ament_install']
[0.390s] Level 1:colcon.colcon_core.package_identification:_identify(src) by extension 'ignore'
[0.390s] Level 1:colcon.colcon_core.package_identification:_identify(src) by extension 'ignore_ament_install'
[0.390s] Level 1:colcon.colcon_core.package_identification:_identify(src) by extensions ['colcon_pkg']
[0.390s] Level 1:colcon.colcon_core.package_identification:_identify(src) by extension 'colcon_pkg'
[0.390s] Level 1:colcon.colcon_core.package_identification:_identify(src) by extensions ['colcon_meta']
[0.390s] Level 1:colcon.colcon_core.package_identification:_identify(src) by extension 'colcon_meta'
[0.391s] Level 1:colcon.colcon_core.package_identification:_identify(src) by extensions ['ros']
[0.391s] Level 1:colcon.colcon_core.package_identification:_identify(src) by extension 'ros'
[0.391s] Level 1:colcon.colcon_core.package_identification:_identify(src) by extensions ['cmake', 'python']
[0.391s] Level 1:colcon.colcon_core.package_identification:_identify(src) by extension 'cmake'
[0.391s] Level 1:colcon.colcon_core.package_identification:_identify(src) by extension 'python'
[0.391s] Level 1:colcon.colcon_core.package_identification:_identify(src) by extensions ['python_setup_py']
[0.391s] Level 1:colcon.colcon_core.package_identification:_identify(src) by extension 'python_setup_py'
[0.391s] Level 1:colcon.colcon_core.package_identification:_identify(src/drone_follower) by extensions ['ignore', 'ignore_ament_install']
[0.391s] Level 1:colcon.colcon_core.package_identification:_identify(src/drone_follower) by extension 'ignore'
[0.391s] Level 1:colcon.colcon_core.package_identification:_identify(src/drone_follower) by extension 'ignore_ament_install'
[0.391s] Level 1:colcon.colcon_core.package_identification:_identify(src/drone_follower) by extensions ['colcon_pkg']
[0.391s] Level 1:colcon.colcon_core.package_identification:_identify(src/drone_follower) by extension 'colcon_pkg'
[0.391s] Level 1:colcon.colcon_core.package_identification:_identify(src/drone_follower) by extensions ['colcon_meta']
[0.391s] Level 1:colcon.colcon_core.package_identification:_identify(src/drone_follower) by extension 'colcon_meta'
[0.392s] Level 1:colcon.colcon_core.package_identification:_identify(src/drone_follower) by extensions ['ros']
[0.392s] Level 1:colcon.colcon_core.package_identification:_identify(src/drone_follower) by extension 'ros'
[0.396s] DEBUG:colcon.colcon_core.package_identification:Package 'src/drone_follower' with type 'ros.ament_python' and name 'drone_follower'
[0.396s] Level 1:colcon.colcon_core.package_discovery:discover_packages(recursive) using defaults
[0.396s] Level 1:colcon.colcon_core.package_discovery:discover_packages(ignore) discover
[0.396s] Level 1:colcon.colcon_core.package_discovery:discover_packages(ignore) using defaults
[0.397s] Level 1:colcon.colcon_core.package_discovery:discover_packages(path) discover
[0.397s] Level 1:colcon.colcon_core.package_discovery:discover_packages(path) using defaults
[0.433s] Level 1:colcon.colcon_core.package_discovery:discover_packages(prefix_path) check parameters
[0.433s] Level 1:colcon.colcon_core.package_discovery:discover_packages(prefix_path) discover
[0.439s] DEBUG:colcon.colcon_installed_package_information.package_discovery:Found 2 installed packages in /home/hadjer/ros2_ws/install
[0.448s] DEBUG:colcon.colcon_installed_package_information.package_discovery:Found 532 installed packages in /opt/ros/jazzy
[0.454s] Level 1:colcon.colcon_core.package_discovery:discover_packages(prefix_path) using defaults
[0.639s] Level 5:colcon.colcon_core.verb:set package 'drone_follower' build argument 'cmake_args' from command line to 'None'
[0.640s] Level 5:colcon.colcon_core.verb:set package 'drone_follower' build argument 'cmake_target' from command line to 'None'
[0.640s] Level 5:colcon.colcon_core.verb:set package 'drone_follower' build argument 'cmake_target_skip_unavailable' from command line to 'False'
[0.640s] Level 5:colcon.colcon_core.verb:set package 'drone_follower' build argument 'cmake_clean_cache' from command line to 'False'
[0.640s] Level 5:colcon.colcon_core.verb:set package 'drone_follower' build argument 'cmake_clean_first' from command line to 'False'
[0.640s] Level 5:colcon.colcon_core.verb:set package 'drone_follower' build argument 'cmake_force_configure' from command line to 'False'
[0.640s] Level 5:colcon.colcon_core.verb:set package 'drone_follower' build argument 'ament_cmake_args' from command line to 'None'
[0.640s] Level 5:colcon.colcon_core.verb:set package 'drone_follower' build argument 'catkin_cmake_args' from command line to 'None'
[0.640s] Level 5:colcon.colcon_core.verb:set package 'drone_follower' build argument 'catkin_skip_building_tests' from command line to 'False'
[0.640s] DEBUG:colcon.colcon_core.verb:Building package 'drone_follower' with the following arguments: {'ament_cmake_args': None, 'build_base': '/home/hadjer/drone_ws/build/drone_follower', 'catkin_cmake_args': None, 'catkin_skip_building_tests': False, 'cmake_args': None, 'cmake_clean_cache': False, 'cmake_clean_first': False, 'cmake_force_configure': False, 'cmake_target': None, 'cmake_target_skip_unavailable': False, 'install_base': '/home/hadjer/drone_ws/install/drone_follower', 'merge_install': False, 'path': '/home/hadjer/drone_ws/src/drone_follower', 'symlink_install': True, 'test_result_base': None}
[0.640s] INFO:colcon.colcon_core.executor:Executing jobs using 'parallel' executor
[0.641s] DEBUG:colcon.colcon_parallel_executor.executor.parallel:run_until_complete
[0.643s] INFO:colcon.colcon_ros.task.ament_python.build:Building ROS package in '/home/hadjer/drone_ws/src/drone_follower' with build type 'ament_python'
[0.643s] Level 1:colcon.colcon_core.shell:create_environment_hook('drone_follower', 'ament_prefix_path')
[0.649s] INFO:colcon.colcon_core.plugin_system:Skipping extension 'colcon_core.shell.bat': Not used on non-Windows systems
[0.652s] INFO:colcon.colcon_core.shell:Creating environment hook '/home/hadjer/drone_ws/install/drone_follower/share/drone_follower/hook/ament_prefix_path.ps1'
[0.710s] INFO:colcon.colcon_core.shell:Creating environment descriptor '/home/hadjer/drone_ws/install/drone_follower/share/drone_follower/hook/ament_prefix_path.dsv'
[0.713s] INFO:colcon.colcon_core.shell:Creating environment hook '/home/hadjer/drone_ws/install/drone_follower/share/drone_follower/hook/ament_prefix_path.sh'
[0.714s] INFO:colcon.colcon_core.shell:Skip shell extension 'powershell' for command environment: Not usable outside of PowerShell
[0.714s] DEBUG:colcon.colcon_core.shell:Skip shell extension 'dsv' for command environment
[1.682s] INFO:colcon.colcon_core.task.python.build:Building Python package in '/home/hadjer/drone_ws/src/drone_follower'
[1.682s] INFO:colcon.colcon_core.shell:Skip shell extension 'powershell' for command environment: Not usable outside of PowerShell
[1.682s] DEBUG:colcon.colcon_core.shell:Skip shell extension 'dsv' for command environment
[4.365s] DEBUG:colcon.colcon_core.task.python.build:While undoing a previous installation files outside the Python library path are being ignored: /home/hadjer/drone_ws/install/drone_follower/share/ament_index/resource_index/packages/drone_follower
[4.365s] DEBUG:colcon.colcon_core.task.python.build:While undoing a previous installation files outside the Python library path are being ignored: /home/hadjer/drone_ws/install/drone_follower/share/drone_follower/package.xml
[4.366s] DEBUG:colcon.colcon_core.task.python.build:While undoing a previous installation files outside the Python library path are being ignored: /home/hadjer/drone_ws/install/drone_follower/lib/drone_follower/follower_node
[4.375s] DEBUG:colcon.colcon_core.event_handler.log_command:Invoking command in '/home/hadjer/drone_ws/build/drone_follower': DEBUGINFOD_URLS=https://debuginfod.ubuntu.com PYTHONPATH=/home/hadjer/drone_ws/build/drone_follower/prefix_override:/usr/lib/python3/dist-packages/colcon_core/task/python/colcon_distutils_commands:/home/hadjer/drone_ws/install/drone_follower/lib/python3.12/site-packages:${PYTHONPATH} /usr/bin/python3 -W ignore:setup.py install is deprecated -W ignore:easy_install command is deprecated setup.py develop --editable --build-directory /home/hadjer/drone_ws/build/drone_follower/build --no-deps symlink_data --force
[7.238s] Level 1:colcon.colcon_core.shell:create_environment_hook('drone_follower', 'pythonpath_develop')
[7.239s] INFO:colcon.colcon_core.shell:Creating environment hook '/home/hadjer/drone_ws/build/drone_follower/share/drone_follower/hook/pythonpath_develop.ps1'
[7.239s] DEBUG:colcon.colcon_core.event_handler.log_command:Invoked command in '/home/hadjer/drone_ws/build/drone_follower' returned '0': DEBUGINFOD_URLS=https://debuginfod.ubuntu.com PYTHONPATH=/home/hadjer/drone_ws/build/drone_follower/prefix_override:/usr/lib/python3/dist-packages/colcon_core/task/python/colcon_distutils_commands:/home/hadjer/drone_ws/install/drone_follower/lib/python3.12/site-packages:${PYTHONPATH} /usr/bin/python3 -W ignore:setup.py install is deprecated -W ignore:easy_install command is deprecated setup.py develop --editable --build-directory /home/hadjer/drone_ws/build/drone_follower/build --no-deps symlink_data --force
[7.250s] INFO:colcon.colcon_core.shell:Creating environment descriptor '/home/hadjer/drone_ws/build/drone_follower/share/drone_follower/hook/pythonpath_develop.dsv'
[7.252s] INFO:colcon.colcon_core.shell:Creating environment hook '/home/hadjer/drone_ws/build/drone_follower/share/drone_follower/hook/pythonpath_develop.sh'
[7.257s] Level 1:colcon.colcon_core.environment:checking '/home/hadjer/drone_ws/install/drone_follower' for CMake module files
[7.261s] Level 1:colcon.colcon_core.environment:checking '/home/hadjer/drone_ws/install/drone_follower' for CMake config files
[7.268s] Level 1:colcon.colcon_core.environment:checking '/home/hadjer/drone_ws/install/drone_follower/lib'
[7.268s] Level 1:colcon.colcon_core.environment:checking '/home/hadjer/drone_ws/install/drone_follower/bin'
[7.269s] Level 1:colcon.colcon_core.environment:checking '/home/hadjer/drone_ws/install/drone_follower/lib/pkgconfig/drone_follower.pc'
[7.269s] Level 1:colcon.colcon_core.environment:checking '/home/hadjer/drone_ws/install/drone_follower/lib/python3.12/site-packages'
[7.270s] Level 1:colcon.colcon_core.shell:create_environment_hook('drone_follower', 'pythonpath')
[7.272s] INFO:colcon.colcon_core.shell:Creating environment hook '/home/hadjer/drone_ws/install/drone_follower/share/drone_follower/hook/pythonpath.ps1'
[7.284s] INFO:colcon.colcon_core.shell:Creating environment descriptor '/home/hadjer/drone_ws/install/drone_follower/share/drone_follower/hook/pythonpath.dsv'
[7.285s] INFO:colcon.colcon_core.shell:Creating environment hook '/home/hadjer/drone_ws/install/drone_follower/share/drone_follower/hook/pythonpath.sh'
[7.289s] Level 1:colcon.colcon_core.environment:checking '/home/hadjer/drone_ws/install/drone_follower/bin'
[7.289s] Level 1:colcon.colcon_core.environment:create_environment_scripts_only(drone_follower)
[7.294s] INFO:colcon.colcon_core.shell:Creating package script '/home/hadjer/drone_ws/install/drone_follower/share/drone_follower/package.ps1'
[7.303s] INFO:colcon.colcon_core.shell:Creating package descriptor '/home/hadjer/drone_ws/install/drone_follower/share/drone_follower/package.dsv'
[7.313s] INFO:colcon.colcon_core.shell:Creating package script '/home/hadjer/drone_ws/install/drone_follower/share/drone_follower/package.sh'
[7.356s] INFO:colcon.colcon_core.shell:Creating package script '/home/hadjer/drone_ws/install/drone_follower/share/drone_follower/package.bash'
[7.358s] INFO:colcon.colcon_core.shell:Creating package script '/home/hadjer/drone_ws/install/drone_follower/share/drone_follower/package.zsh'
[7.362s] Level 1:colcon.colcon_core.environment:create_file_with_runtime_dependencies(/home/hadjer/drone_ws/install/drone_follower/share/colcon-core/packages/drone_follower)
[7.367s] DEBUG:colcon.colcon_parallel_executor.executor.parallel:closing loop
[7.367s] DEBUG:colcon.colcon_parallel_executor.executor.parallel:loop closed
[7.370s] DEBUG:colcon.colcon_parallel_executor.executor.parallel:run_until_complete finished with '0'
[7.370s] DEBUG:colcon.colcon_core.event_reactor:joining thread
[7.411s] INFO:colcon.colcon_core.plugin_system:Skipping extension 'colcon_notification.desktop_notification.terminal_notifier': Not used on non-Darwin systems
[7.413s] INFO:colcon.colcon_core.plugin_system:Skipping extension 'colcon_notification.desktop_notification.win32': Not used on non-Windows systems
[7.414s] INFO:colcon.colcon_notification.desktop_notification:Sending desktop notification using 'notify2'
[7.490s] DEBUG:colcon.colcon_core.event_reactor:joined thread
[7.492s] INFO:colcon.colcon_core.shell:Creating prefix script '/home/hadjer/drone_ws/install/local_setup.ps1'
[7.497s] INFO:colcon.colcon_core.shell:Creating prefix util module '/home/hadjer/drone_ws/install/_local_setup_util_ps1.py'
[7.503s] INFO:colcon.colcon_core.shell:Creating prefix chain script '/home/hadjer/drone_ws/install/setup.ps1'
[7.514s] INFO:colcon.colcon_core.shell:Creating prefix script '/home/hadjer/drone_ws/install/local_setup.sh'
[7.516s] INFO:colcon.colcon_core.shell:Creating prefix util module '/home/hadjer/drone_ws/install/_local_setup_util_sh.py'
[7.524s] INFO:colcon.colcon_core.shell:Creating prefix chain script '/home/hadjer/drone_ws/install/setup.sh'
[7.531s] INFO:colcon.colcon_core.shell:Creating prefix script '/home/hadjer/drone_ws/install/local_setup.bash'
[7.533s] INFO:colcon.colcon_core.shell:Creating prefix chain script '/home/hadjer/drone_ws/install/setup.bash'
[7.546s] INFO:colcon.colcon_core.shell:Creating prefix script '/home/hadjer/drone_ws/install/local_setup.zsh'
[7.553s] INFO:colcon.colcon_core.shell:Creating prefix chain script '/home/hadjer/drone_ws/install/setup.zsh'
