/home/hadjer/drone_ws/install/arm_gazebo/lib/python3.12/site-packages/arm_gazebo/__init__.py
/home/hadjer/drone_ws/install/arm_gazebo/lib/python3.12/site-packages/arm_gazebo/arm_node.py
/home/hadjer/drone_ws/install/arm_gazebo/lib/python3.12/site-packages/arm_gazebo/__pycache__/__init__.cpython-312.pyc
/home/hadjer/drone_ws/install/arm_gazebo/lib/python3.12/site-packages/arm_gazebo/__pycache__/arm_node.cpython-312.pyc
/home/hadjer/drone_ws/install/arm_gazebo/share/ament_index/resource_index/packages/arm_gazebo
/home/hadjer/drone_ws/install/arm_gazebo/share/arm_gazebo/package.xml
/home/hadjer/drone_ws/install/arm_gazebo/share/arm_gazebo/launch/arm_launch.py
/home/hadjer/drone_ws/install/arm_gazebo/share/arm_gazebo/worlds/arm_world.sdf
/home/hadjer/drone_ws/install/arm_gazebo/share/arm_gazebo/models/arm/model.sdf
/home/hadjer/drone_ws/install/arm_gazebo/share/arm_gazebo/models/arm/model.config
/home/hadjer/drone_ws/install/arm_gazebo/share/arm_gazebo/models/object/model.sdf
/home/hadjer/drone_ws/install/arm_gazebo/share/arm_gazebo/models/object/model.config
/home/hadjer/drone_ws/install/arm_gazebo/lib/python3.12/site-packages/arm_gazebo-0.0.1-py3.12.egg-info/zip-safe
/home/hadjer/drone_ws/install/arm_gazebo/lib/python3.12/site-packages/arm_gazebo-0.0.1-py3.12.egg-info/entry_points.txt
/home/hadjer/drone_ws/install/arm_gazebo/lib/python3.12/site-packages/arm_gazebo-0.0.1-py3.12.egg-info/top_level.txt
/home/hadjer/drone_ws/install/arm_gazebo/lib/python3.12/site-packages/arm_gazebo-0.0.1-py3.12.egg-info/PKG-INFO
/home/hadjer/drone_ws/install/arm_gazebo/lib/python3.12/site-packages/arm_gazebo-0.0.1-py3.12.egg-info/requires.txt
/home/hadjer/drone_ws/install/arm_gazebo/lib/python3.12/site-packages/arm_gazebo-0.0.1-py3.12.egg-info/dependency_links.txt
/home/hadjer/drone_ws/install/arm_gazebo/lib/python3.12/site-packages/arm_gazebo-0.0.1-py3.12.egg-info/SOURCES.txt
/home/hadjer/drone_ws/install/arm_gazebo/lib/arm_gazebo/arm_node
