[0.552s] DEBUG:colcon:Command line arguments: ['/usr/bin/colcon', 'build', '--packages-select', 'arm_gazebo']
[0.552s] DEBUG:colcon:Parsed command line arguments: Namespace(log_base=None, log_level=None, verb_name='build', build_base='build', install_base='install', merge_install=False, symlink_install=False, test_result_base=None, continue_on_error=False, executor='parallel', parallel_workers=1, event_handlers=None, ignore_user_meta=False, metas=['./colcon.meta'], base_paths=['.'], packages_ignore=None, packages_ignore_regex=None, paths=None, packages_up_to=None, packages_up_to_regex=None, packages_above=None, packages_above_and_dependencies=None, packages_above_depth=None, packages_select_by_dep=None, packages_skip_by_dep=None, packages_skip_up_to=None, packages_select_build_failed=False, packages_skip_build_finished=False, packages_select_test_failures=False, packages_skip_test_passed=False, packages_select=['arm_gazebo'], packages_skip=None, packages_select_regex=None, packages_skip_regex=None, packages_start=None, packages_end=None, allow_overriding=[], cmake_args=None, cmake_target=None, cmake_target_skip_unavailable=False, cmake_clean_cache=False, cmake_clean_first=False, cmake_force_configure=False, ament_cmake_args=None, catkin_cmake_args=None, catkin_skip_building_tests=False, verb_parser=<colcon_defaults.argument_parser.defaults.DefaultArgumentsDecorator object at 0x73fb00482cc0>, verb_extension=<colcon_core.verb.build.BuildVerb object at 0x73fb005aed20>, main=<bound method BuildVerb.main of <colcon_core.verb.build.BuildVerb object at 0x73fb005aed20>>)
[0.771s] Level 1:colcon.colcon_core.package_discovery:discover_packages(colcon_meta) check parameters
[0.771s] Level 1:colcon.colcon_core.package_discovery:discover_packages(recursive) check parameters
[0.771s] Level 1:colcon.colcon_core.package_discovery:discover_packages(ignore) check parameters
[0.771s] Level 1:colcon.colcon_core.package_discovery:discover_packages(path) check parameters
[0.771s] Level 1:colcon.colcon_core.package_discovery:discover_packages(colcon_meta) discover
[0.771s] Level 1:colcon.colcon_core.package_discovery:discover_packages(recursive) discover
[0.772s] INFO:colcon.colcon_core.package_discovery:Crawling recursively for packages in '/home/hadjer/drone_ws'
[0.772s] Level 1:colcon.colcon_core.package_identification:_identify(.) by extensions ['ignore', 'ignore_ament_install']
[0.772s] Level 1:colcon.colcon_core.package_identification:_identify(.) by extension 'ignore'
[0.772s] Level 1:colcon.colcon_core.package_identification:_identify(.) by extension 'ignore_ament_install'
[0.772s] Level 1:colcon.colcon_core.package_identification:_identify(.) by extensions ['colcon_pkg']
[0.772s] Level 1:colcon.colcon_core.package_identification:_identify(.) by extension 'colcon_pkg'
[0.772s] Level 1:colcon.colcon_core.package_identification:_identify(.) by extensions ['colcon_meta']
[0.772s] Level 1:colcon.colcon_core.package_identification:_identify(.) by extension 'colcon_meta'
[0.772s] Level 1:colcon.colcon_core.package_identification:_identify(.) by extensions ['ros']
[0.773s] Level 1:colcon.colcon_core.package_identification:_identify(.) by extension 'ros'
[0.818s] Level 1:colcon.colcon_core.package_identification:_identify(.) by extensions ['cmake', 'python']
[0.818s] Level 1:colcon.colcon_core.package_identification:_identify(.) by extension 'cmake'
[0.818s] Level 1:colcon.colcon_core.package_identification:_identify(.) by extension 'python'
[0.818s] Level 1:colcon.colcon_core.package_identification:_identify(.) by extensions ['python_setup_py']
[0.818s] Level 1:colcon.colcon_core.package_identification:_identify(.) by extension 'python_setup_py'
[0.818s] Level 1:colcon.colcon_core.package_identification:_identify(build) by extensions ['ignore', 'ignore_ament_install']
[0.818s] Level 1:colcon.colcon_core.package_identification:_identify(build) by extension 'ignore'
[0.818s] Level 1:colcon.colcon_core.package_identification:_identify(build) ignored
[0.818s] Level 1:colcon.colcon_core.package_identification:_identify(install) by extensions ['ignore', 'ignore_ament_install']
[0.819s] Level 1:colcon.colcon_core.package_identification:_identify(install) by extension 'ignore'
[0.819s] Level 1:colcon.colcon_core.package_identification:_identify(install) ignored
[0.819s] Level 1:colcon.colcon_core.package_identification:_identify(log) by extensions ['ignore', 'ignore_ament_install']
[0.819s] Level 1:colcon.colcon_core.package_identification:_identify(log) by extension 'ignore'
[0.819s] Level 1:colcon.colcon_core.package_identification:_identify(log) ignored
[0.819s] Level 1:colcon.colcon_core.package_identification:_identify(src) by extensions ['ignore', 'ignore_ament_install']
[0.819s] Level 1:colcon.colcon_core.package_identification:_identify(src) by extension 'ignore'
[0.819s] Level 1:colcon.colcon_core.package_identification:_identify(src) by extension 'ignore_ament_install'
[0.819s] Level 1:colcon.colcon_core.package_identification:_identify(src) by extensions ['colcon_pkg']
[0.819s] Level 1:colcon.colcon_core.package_identification:_identify(src) by extension 'colcon_pkg'
[0.819s] Level 1:colcon.colcon_core.package_identification:_identify(src) by extensions ['colcon_meta']
[0.819s] Level 1:colcon.colcon_core.package_identification:_identify(src) by extension 'colcon_meta'
[0.820s] Level 1:colcon.colcon_core.package_identification:_identify(src) by extensions ['ros']
[0.820s] Level 1:colcon.colcon_core.package_identification:_identify(src) by extension 'ros'
[0.820s] Level 1:colcon.colcon_core.package_identification:_identify(src) by extensions ['cmake', 'python']
[0.820s] Level 1:colcon.colcon_core.package_identification:_identify(src) by extension 'cmake'
[0.820s] Level 1:colcon.colcon_core.package_identification:_identify(src) by extension 'python'
[0.820s] Level 1:colcon.colcon_core.package_identification:_identify(src) by extensions ['python_setup_py']
[0.820s] Level 1:colcon.colcon_core.package_identification:_identify(src) by extension 'python_setup_py'
[0.820s] Level 1:colcon.colcon_core.package_identification:_identify(src/arm_gazebo) by extensions ['ignore', 'ignore_ament_install']
[0.820s] Level 1:colcon.colcon_core.package_identification:_identify(src/arm_gazebo) by extension 'ignore'
[0.820s] Level 1:colcon.colcon_core.package_identification:_identify(src/arm_gazebo) by extension 'ignore_ament_install'
[0.820s] Level 1:colcon.colcon_core.package_identification:_identify(src/arm_gazebo) by extensions ['colcon_pkg']
[0.820s] Level 1:colcon.colcon_core.package_identification:_identify(src/arm_gazebo) by extension 'colcon_pkg'
[0.820s] Level 1:colcon.colcon_core.package_identification:_identify(src/arm_gazebo) by extensions ['colcon_meta']
[0.820s] Level 1:colcon.colcon_core.package_identification:_identify(src/arm_gazebo) by extension 'colcon_meta'
[0.820s] Level 1:colcon.colcon_core.package_identification:_identify(src/arm_gazebo) by extensions ['ros']
[0.820s] Level 1:colcon.colcon_core.package_identification:_identify(src/arm_gazebo) by extension 'ros'
[0.828s] DEBUG:colcon.colcon_core.package_identification:Package 'src/arm_gazebo' with type 'ros.ament_python' and name 'arm_gazebo'
[0.829s] Level 1:colcon.colcon_core.package_identification:_identify(src/drone_follower) by extensions ['ignore', 'ignore_ament_install']
[0.829s] Level 1:colcon.colcon_core.package_identification:_identify(src/drone_follower) by extension 'ignore'
[0.829s] Level 1:colcon.colcon_core.package_identification:_identify(src/drone_follower) by extension 'ignore_ament_install'
[0.829s] Level 1:colcon.colcon_core.package_identification:_identify(src/drone_follower) by extensions ['colcon_pkg']
[0.830s] Level 1:colcon.colcon_core.package_identification:_identify(src/drone_follower) by extension 'colcon_pkg'
[0.830s] Level 1:colcon.colcon_core.package_identification:_identify(src/drone_follower) by extensions ['colcon_meta']
[0.830s] Level 1:colcon.colcon_core.package_identification:_identify(src/drone_follower) by extension 'colcon_meta'
[0.830s] Level 1:colcon.colcon_core.package_identification:_identify(src/drone_follower) by extensions ['ros']
[0.830s] Level 1:colcon.colcon_core.package_identification:_identify(src/drone_follower) by extension 'ros'
[0.831s] DEBUG:colcon.colcon_core.package_identification:Package 'src/drone_follower' with type 'ros.ament_python' and name 'drone_follower'
[0.832s] Level 1:colcon.colcon_core.package_identification:_identify(src/drone_tracker) by extensions ['ignore', 'ignore_ament_install']
[0.832s] Level 1:colcon.colcon_core.package_identification:_identify(src/drone_tracker) by extension 'ignore'
[0.832s] Level 1:colcon.colcon_core.package_identification:_identify(src/drone_tracker) by extension 'ignore_ament_install'
[0.832s] Level 1:colcon.colcon_core.package_identification:_identify(src/drone_tracker) by extensions ['colcon_pkg']
[0.832s] Level 1:colcon.colcon_core.package_identification:_identify(src/drone_tracker) by extension 'colcon_pkg'
[0.832s] Level 1:colcon.colcon_core.package_identification:_identify(src/drone_tracker) by extensions ['colcon_meta']
[0.832s] Level 1:colcon.colcon_core.package_identification:_identify(src/drone_tracker) by extension 'colcon_meta'
[0.832s] Level 1:colcon.colcon_core.package_identification:_identify(src/drone_tracker) by extensions ['ros']
[0.832s] Level 1:colcon.colcon_core.package_identification:_identify(src/drone_tracker) by extension 'ros'
[0.835s] DEBUG:colcon.colcon_core.package_identification:Package 'src/drone_tracker' with type 'ros.ament_python' and name 'drone_tracker'
[0.835s] Level 1:colcon.colcon_core.package_discovery:discover_packages(recursive) using defaults
[0.835s] Level 1:colcon.colcon_core.package_discovery:discover_packages(ignore) discover
[0.835s] Level 1:colcon.colcon_core.package_discovery:discover_packages(ignore) using defaults
[0.835s] Level 1:colcon.colcon_core.package_discovery:discover_packages(path) discover
[0.835s] Level 1:colcon.colcon_core.package_discovery:discover_packages(path) using defaults
[0.913s] INFO:colcon.colcon_core.package_selection:Skipping not selected package 'drone_follower' in 'src/drone_follower'
[0.913s] INFO:colcon.colcon_core.package_selection:Skipping not selected package 'drone_tracker' in 'src/drone_tracker'
[0.915s] Level 1:colcon.colcon_core.package_discovery:discover_packages(prefix_path) check parameters
[0.915s] Level 1:colcon.colcon_core.package_discovery:discover_packages(prefix_path) discover
[0.930s] DEBUG:colcon.colcon_installed_package_information.package_discovery:Found 2 installed packages in /home/hadjer/ros2_ws/install
[0.936s] DEBUG:colcon.colcon_installed_package_information.package_discovery:Found 532 installed packages in /opt/ros/jazzy
[0.945s] Level 1:colcon.colcon_core.package_discovery:discover_packages(prefix_path) using defaults
[1.103s] Level 5:colcon.colcon_core.verb:set package 'arm_gazebo' build argument 'cmake_args' from command line to 'None'
[1.104s] Level 5:colcon.colcon_core.verb:set package 'arm_gazebo' build argument 'cmake_target' from command line to 'None'
[1.104s] Level 5:colcon.colcon_core.verb:set package 'arm_gazebo' build argument 'cmake_target_skip_unavailable' from command line to 'False'
[1.104s] Level 5:colcon.colcon_core.verb:set package 'arm_gazebo' build argument 'cmake_clean_cache' from command line to 'False'
[1.104s] Level 5:colcon.colcon_core.verb:set package 'arm_gazebo' build argument 'cmake_clean_first' from command line to 'False'
[1.104s] Level 5:colcon.colcon_core.verb:set package 'arm_gazebo' build argument 'cmake_force_configure' from command line to 'False'
[1.104s] Level 5:colcon.colcon_core.verb:set package 'arm_gazebo' build argument 'ament_cmake_args' from command line to 'None'
[1.104s] Level 5:colcon.colcon_core.verb:set package 'arm_gazebo' build argument 'catkin_cmake_args' from command line to 'None'
[1.104s] Level 5:colcon.colcon_core.verb:set package 'arm_gazebo' build argument 'catkin_skip_building_tests' from command line to 'False'
[1.104s] DEBUG:colcon.colcon_core.verb:Building package 'arm_gazebo' with the following arguments: {'ament_cmake_args': None, 'build_base': '/home/hadjer/drone_ws/build/arm_gazebo', 'catkin_cmake_args': None, 'catkin_skip_building_tests': False, 'cmake_args': None, 'cmake_clean_cache': False, 'cmake_clean_first': False, 'cmake_force_configure': False, 'cmake_target': None, 'cmake_target_skip_unavailable': False, 'install_base': '/home/hadjer/drone_ws/install/arm_gazebo', 'merge_install': False, 'path': '/home/hadjer/drone_ws/src/arm_gazebo', 'symlink_install': False, 'test_result_base': None}
[1.104s] INFO:colcon.colcon_core.executor:Executing jobs using 'parallel' executor
[1.105s] DEBUG:colcon.colcon_parallel_executor.executor.parallel:run_until_complete
[1.106s] INFO:colcon.colcon_ros.task.ament_python.build:Building ROS package in '/home/hadjer/drone_ws/src/arm_gazebo' with build type 'ament_python'
[1.106s] Level 1:colcon.colcon_core.shell:create_environment_hook('arm_gazebo', 'ament_prefix_path')
[1.126s] INFO:colcon.colcon_core.plugin_system:Skipping extension 'colcon_core.shell.bat': Not used on non-Windows systems
[1.128s] INFO:colcon.colcon_core.shell:Creating environment hook '/home/hadjer/drone_ws/install/arm_gazebo/share/arm_gazebo/hook/ament_prefix_path.ps1'
[1.131s] INFO:colcon.colcon_core.shell:Creating environment descriptor '/home/hadjer/drone_ws/install/arm_gazebo/share/arm_gazebo/hook/ament_prefix_path.dsv'
[1.133s] INFO:colcon.colcon_core.shell:Creating environment hook '/home/hadjer/drone_ws/install/arm_gazebo/share/arm_gazebo/hook/ament_prefix_path.sh'
[1.137s] INFO:colcon.colcon_core.shell:Skip shell extension 'powershell' for command environment: Not usable outside of PowerShell
[1.138s] DEBUG:colcon.colcon_core.shell:Skip shell extension 'dsv' for command environment
[1.883s] INFO:colcon.colcon_core.task.python.build:Building Python package in '/home/hadjer/drone_ws/src/arm_gazebo'
[1.884s] INFO:colcon.colcon_core.shell:Skip shell extension 'powershell' for command environment: Not usable outside of PowerShell
[1.884s] DEBUG:colcon.colcon_core.shell:Skip shell extension 'dsv' for command environment
[4.684s] DEBUG:colcon.colcon_core.event_handler.log_command:Invoking command in '/home/hadjer/drone_ws/src/arm_gazebo': DEBUGINFOD_URLS=https://debuginfod.ubuntu.com PYTHONPATH=/home/hadjer/drone_ws/build/arm_gazebo/prefix_override:/usr/lib/python3/dist-packages/colcon_core/task/python/colcon_distutils_commands:/home/hadjer/drone_ws/install/arm_gazebo/lib/python3.12/site-packages:${PYTHONPATH} /usr/bin/python3 -W ignore:setup.py install is deprecated -W ignore:easy_install command is deprecated setup.py egg_info --egg-base ../../build/arm_gazebo build --build-base /home/hadjer/drone_ws/build/arm_gazebo/build install --record /home/hadjer/drone_ws/build/arm_gazebo/install.log --single-version-externally-managed install_data
[6.190s] DEBUG:colcon.colcon_core.event_handler.log_command:Invoked command in '/home/hadjer/drone_ws/src/arm_gazebo' returned '0': DEBUGINFOD_URLS=https://debuginfod.ubuntu.com PYTHONPATH=/home/hadjer/drone_ws/build/arm_gazebo/prefix_override:/usr/lib/python3/dist-packages/colcon_core/task/python/colcon_distutils_commands:/home/hadjer/drone_ws/install/arm_gazebo/lib/python3.12/site-packages:${PYTHONPATH} /usr/bin/python3 -W ignore:setup.py install is deprecated -W ignore:easy_install command is deprecated setup.py egg_info --egg-base ../../build/arm_gazebo build --build-base /home/hadjer/drone_ws/build/arm_gazebo/build install --record /home/hadjer/drone_ws/build/arm_gazebo/install.log --single-version-externally-managed install_data
[6.217s] Level 1:colcon.colcon_core.environment:checking '/home/hadjer/drone_ws/install/arm_gazebo' for CMake module files
[6.219s] Level 1:colcon.colcon_core.environment:checking '/home/hadjer/drone_ws/install/arm_gazebo' for CMake config files
[6.221s] Level 1:colcon.colcon_core.environment:checking '/home/hadjer/drone_ws/install/arm_gazebo/lib'
[6.223s] Level 1:colcon.colcon_core.environment:checking '/home/hadjer/drone_ws/install/arm_gazebo/bin'
[6.223s] Level 1:colcon.colcon_core.environment:checking '/home/hadjer/drone_ws/install/arm_gazebo/lib/pkgconfig/arm_gazebo.pc'
[6.223s] Level 1:colcon.colcon_core.environment:checking '/home/hadjer/drone_ws/install/arm_gazebo/lib/python3.12/site-packages'
[6.224s] Level 1:colcon.colcon_core.shell:create_environment_hook('arm_gazebo', 'pythonpath')
[6.224s] INFO:colcon.colcon_core.shell:Creating environment hook '/home/hadjer/drone_ws/install/arm_gazebo/share/arm_gazebo/hook/pythonpath.ps1'
[6.225s] INFO:colcon.colcon_core.shell:Creating environment descriptor '/home/hadjer/drone_ws/install/arm_gazebo/share/arm_gazebo/hook/pythonpath.dsv'
[6.225s] INFO:colcon.colcon_core.shell:Creating environment hook '/home/hadjer/drone_ws/install/arm_gazebo/share/arm_gazebo/hook/pythonpath.sh'
[6.226s] Level 1:colcon.colcon_core.environment:checking '/home/hadjer/drone_ws/install/arm_gazebo/bin'
[6.226s] Level 1:colcon.colcon_core.environment:create_environment_scripts_only(arm_gazebo)
[6.227s] INFO:colcon.colcon_core.shell:Creating package script '/home/hadjer/drone_ws/install/arm_gazebo/share/arm_gazebo/package.ps1'
[6.229s] INFO:colcon.colcon_core.shell:Creating package descriptor '/home/hadjer/drone_ws/install/arm_gazebo/share/arm_gazebo/package.dsv'
[6.230s] INFO:colcon.colcon_core.shell:Creating package script '/home/hadjer/drone_ws/install/arm_gazebo/share/arm_gazebo/package.sh'
[6.249s] INFO:colcon.colcon_core.shell:Creating package script '/home/hadjer/drone_ws/install/arm_gazebo/share/arm_gazebo/package.bash'
[6.252s] INFO:colcon.colcon_core.shell:Creating package script '/home/hadjer/drone_ws/install/arm_gazebo/share/arm_gazebo/package.zsh'
[6.255s] Level 1:colcon.colcon_core.environment:create_file_with_runtime_dependencies(/home/hadjer/drone_ws/install/arm_gazebo/share/colcon-core/packages/arm_gazebo)
[6.256s] DEBUG:colcon.colcon_parallel_executor.executor.parallel:closing loop
[6.256s] DEBUG:colcon.colcon_parallel_executor.executor.parallel:loop closed
[6.256s] DEBUG:colcon.colcon_parallel_executor.executor.parallel:run_until_complete finished with '0'
[6.256s] DEBUG:colcon.colcon_core.event_reactor:joining thread
[6.293s] INFO:colcon.colcon_core.plugin_system:Skipping extension 'colcon_notification.desktop_notification.terminal_notifier': Not used on non-Darwin systems
[6.294s] INFO:colcon.colcon_core.plugin_system:Skipping extension 'colcon_notification.desktop_notification.win32': Not used on non-Windows systems
[6.295s] INFO:colcon.colcon_notification.desktop_notification:Sending desktop notification using 'notify2'
[6.357s] DEBUG:colcon.colcon_core.event_reactor:joined thread
[6.358s] INFO:colcon.colcon_core.shell:Creating prefix script '/home/hadjer/drone_ws/install/local_setup.ps1'
[6.364s] INFO:colcon.colcon_core.shell:Creating prefix util module '/home/hadjer/drone_ws/install/_local_setup_util_ps1.py'
[6.368s] INFO:colcon.colcon_core.shell:Creating prefix chain script '/home/hadjer/drone_ws/install/setup.ps1'
[6.372s] INFO:colcon.colcon_core.shell:Creating prefix script '/home/hadjer/drone_ws/install/local_setup.sh'
[6.375s] INFO:colcon.colcon_core.shell:Creating prefix util module '/home/hadjer/drone_ws/install/_local_setup_util_sh.py'
[6.376s] INFO:colcon.colcon_core.shell:Creating prefix chain script '/home/hadjer/drone_ws/install/setup.sh'
[6.380s] INFO:colcon.colcon_core.shell:Creating prefix script '/home/hadjer/drone_ws/install/local_setup.bash'
[6.382s] INFO:colcon.colcon_core.shell:Creating prefix chain script '/home/hadjer/drone_ws/install/setup.bash'
[6.385s] INFO:colcon.colcon_core.shell:Creating prefix script '/home/hadjer/drone_ws/install/local_setup.zsh'
[6.390s] INFO:colcon.colcon_core.shell:Creating prefix chain script '/home/hadjer/drone_ws/install/setup.zsh'
