[12.148s] Invoking command in '/home/hadjer/drone_ws/src/drone_tracker': DEBUGINFOD_URLS=https://debuginfod.ubuntu.com PYTHONPATH=/home/hadjer/drone_ws/build/drone_tracker/prefix_override:/usr/lib/python3/dist-packages/colcon_core/task/python/colcon_distutils_commands:/home/hadjer/drone_ws/install/drone_tracker/lib/python3.12/site-packages:${PYTHONPATH} /usr/bin/python3 -W ignore:setup.py install is deprecated -W ignore:easy_install command is deprecated setup.py egg_info --egg-base ../../build/drone_tracker build --build-base /home/hadjer/drone_ws/build/drone_tracker/build install --record /home/hadjer/drone_ws/build/drone_tracker/install.log --single-version-externally-managed install_data
[15.812s] running egg_info
[15.813s] creating ../../build/drone_tracker/drone_tracker.egg-info
[16.089s] writing ../../build/drone_tracker/drone_tracker.egg-info/PKG-INFO
[16.098s] writing dependency_links to ../../build/drone_tracker/drone_tracker.egg-info/dependency_links.txt
[16.105s] writing entry points to ../../build/drone_tracker/drone_tracker.egg-info/entry_points.txt
[16.111s] writing requirements to ../../build/drone_tracker/drone_tracker.egg-info/requires.txt
[16.111s] writing top-level names to ../../build/drone_tracker/drone_tracker.egg-info/top_level.txt
[16.111s] writing manifest file '../../build/drone_tracker/drone_tracker.egg-info/SOURCES.txt'
[16.725s] reading manifest file '../../build/drone_tracker/drone_tracker.egg-info/SOURCES.txt'
[16.734s] writing manifest file '../../build/drone_tracker/drone_tracker.egg-info/SOURCES.txt'
[16.740s] running build
[16.740s] running build_py
[16.740s] creating /home/hadjer/drone_ws/build/drone_tracker/build
[16.747s] creating /home/hadjer/drone_ws/build/drone_tracker/build/lib
[16.747s] creating /home/hadjer/drone_ws/build/drone_tracker/build/lib/drone_tracker
[16.752s] copying drone_tracker/tracker_node.py -> /home/hadjer/drone_ws/build/drone_tracker/build/lib/drone_tracker
[16.753s] copying drone_tracker/__init__.py -> /home/hadjer/drone_ws/build/drone_tracker/build/lib/drone_tracker
[16.753s] running install
[16.820s] running install_lib
[17.074s] creating /home/hadjer/drone_ws/install/drone_tracker/lib/python3.12/site-packages/drone_tracker
[17.077s] copying /home/hadjer/drone_ws/build/drone_tracker/build/lib/drone_tracker/tracker_node.py -> /home/hadjer/drone_ws/install/drone_tracker/lib/python3.12/site-packages/drone_tracker
[17.078s] copying /home/hadjer/drone_ws/build/drone_tracker/build/lib/drone_tracker/__init__.py -> /home/hadjer/drone_ws/install/drone_tracker/lib/python3.12/site-packages/drone_tracker
[17.084s] byte-compiling /home/hadjer/drone_ws/install/drone_tracker/lib/python3.12/site-packages/drone_tracker/tracker_node.py to tracker_node.cpython-312.pyc
[17.091s] byte-compiling /home/hadjer/drone_ws/install/drone_tracker/lib/python3.12/site-packages/drone_tracker/__init__.py to __init__.cpython-312.pyc
[17.095s] running install_data
[17.096s] creating /home/hadjer/drone_ws/install/drone_tracker/share/ament_index
[17.096s] creating /home/hadjer/drone_ws/install/drone_tracker/share/ament_index/resource_index
[17.100s] creating /home/hadjer/drone_ws/install/drone_tracker/share/ament_index/resource_index/packages
[17.100s] copying resource/drone_tracker -> /home/hadjer/drone_ws/install/drone_tracker/share/ament_index/resource_index/packages
[17.106s] copying package.xml -> /home/hadjer/drone_ws/install/drone_tracker/share/drone_tracker
[17.106s] creating /home/hadjer/drone_ws/install/drone_tracker/share/drone_tracker/launch
[17.106s] copying launch/drone_launch.py -> /home/hadjer/drone_ws/install/drone_tracker/share/drone_tracker/launch
[17.115s] creating /home/hadjer/drone_ws/install/drone_tracker/share/drone_tracker/worlds
[17.124s] copying worlds/drone_world.sdf -> /home/hadjer/drone_ws/install/drone_tracker/share/drone_tracker/worlds
[17.128s] creating /home/hadjer/drone_ws/install/drone_tracker/share/drone_tracker/models
[17.131s] creating /home/hadjer/drone_ws/install/drone_tracker/share/drone_tracker/models/drone
[17.142s] copying models/drone/model.sdf -> /home/hadjer/drone_ws/install/drone_tracker/share/drone_tracker/models/drone
[17.142s] copying models/drone/model.config -> /home/hadjer/drone_ws/install/drone_tracker/share/drone_tracker/models/drone
[17.142s] error: can't copy 'models/drone/meshes': doesn't exist or not a regular file
[17.399s] Invoked command in '/home/hadjer/drone_ws/src/drone_tracker' returned '1': DEBUGINFOD_URLS=https://debuginfod.ubuntu.com PYTHONPATH=/home/hadjer/drone_ws/build/drone_tracker/prefix_override:/usr/lib/python3/dist-packages/colcon_core/task/python/colcon_distutils_commands:/home/hadjer/drone_ws/install/drone_tracker/lib/python3.12/site-packages:${PYTHONPATH} /usr/bin/python3 -W ignore:setup.py install is deprecated -W ignore:easy_install command is deprecated setup.py egg_info --egg-base ../../build/drone_tracker build --build-base /home/hadjer/drone_ws/build/drone_tracker/build install --record /home/hadjer/drone_ws/build/drone_tracker/install.log --single-version-externally-managed install_data
